<?xml version="1.0" encoding="UTF-8"?>
<TestRun id="8cdf8d31-b067-411d-94a1-59fe9471e756" name="B859390@WXP_FGAMEZ 2013-12-03 18:20:13" runUser="BANCOAZTECA\B859390" xmlns="http://microsoft.com/schemas/VisualStudio/TeamTest/2010">
  <TestSettings name="Local" id="de653c0a-5f0b-4dcc-aa03-7cc115229a2f">
    <Description>Esta es la configuración de pruebas predeterminada para una ejecución de pruebas local.</Description>
    <Deployment enabled="false" runDeploymentRoot="B859390_WXP_FGAMEZ 2013-12-03 18_20_13">
      <DeploymentItem filename="C:\gfb\distribuciones\Spring.NET\bin\net\3.5\release\Spring.Data.dll" />
      <DeploymentItem filename="C:\gfb\workspaces\networkspace\CjCRBAZCommons\CjCRBAZCommons\bin\Debug\Baz.Caja.Commons.dll" />
      <DeploymentItem filename="C:\gfb\distribuciones\Spring.NET\bin\net\3.5\release\Spring.Aop.dll" />
      <DeploymentItem filename="C:\gfb\distribuciones\Spring.NET\bin\net\3.5\release\Spring.Core.dll" />
      <DeploymentItem filename="C:\gfb\distribuciones\Spring.NET\bin\net\3.5\release\Common.Logging.dll" />
      <DeploymentItem filename="C:\gfb\workspaces\networkspace\CjCRTurnador\CjCRTurnador\bin\Baz.Caja.Turnador.dll" />
    </Deployment>
    <Execution>
      <TestTypeSpecific />
      <AgentRule name="Execution Agents">
      </AgentRule>
    </Execution>
  </TestSettings>
  <Times creation="2013-12-03T18:20:13.0966022-06:00" queuing="2013-12-03T18:20:13.1277806-06:00" start="2013-12-03T18:20:13.1433698-06:00" finish="2013-12-03T18:20:33.4405082-06:00" />
  <ResultSummary outcome="Failed">
    <Counters total="54" executed="54" passed="38" error="0" failed="16" timeout="0" aborted="0" inconclusive="0" passedButRunAborted="0" notRunnable="0" notExecuted="0" disconnected="0" warning="0" completed="0" inProgress="0" pending="0" />
    <Output>
      <DebugTrace>no configuration section &lt;common/logging&gt; found - suppressing logging output
</DebugTrace>
    </Output>
  </ResultSummary>
  <TestDefinitions>
    <UnitTest name="GetPoolByUnidadTest" storage="c:\gfb\workspaces\networkspace\cjcrturnador\cjcrturnadortest\bin\debug\baz.caja.turnador.test.dll" id="81885110-5caf-ba2d-5426-09a7cde5d78f">
      <Execution id="91e59339-50e3-4178-90a3-2457d306ce46" />
      <TestMethod codeBase="C:/gfb/workspaces/networkspace/CjCRTurnador/CjCRTurnadorTest/bin/Debug/Baz.Caja.Turnador.Test.DLL" adapterTypeName="Microsoft.VisualStudio.TestTools.TestTypes.Unit.UnitTestAdapter, Microsoft.VisualStudio.QualityTools.Tips.UnitTest.Adapter, Version=10.0.0.0, Culture=neutral, PublicKeyToken=b03f5f7f11d50a3a" className="Baz.Caja.Turnador.Test.Dao.CjCTPoolFlowTest, Baz.Caja.Turnador.Test, Version=1.0.0.0, Culture=neutral, PublicKeyToken=null" name="GetPoolByUnidadTest" />
      <DataSource connectionString="|DataDirectory|\resource\datasource\TurnoTest.xml" providerInvariantName="Microsoft.VisualStudio.TestTools.DataSource.XML" tableName="entrada" />
    </UnitTest>
    <UnitTest name="CancelarTurnoTest" storage="c:\gfb\workspaces\networkspace\cjcrturnador\cjcrturnadortest\bin\debug\baz.caja.turnador.test.dll" id="81534639-43c2-b394-d70a-29c369fa3259">
      <Execution id="420345e5-6a11-4324-b817-05b37052a3e2" />
      <TestMethod codeBase="C:/gfb/workspaces/networkspace/CjCRTurnador/CjCRTurnadorTest/bin/Debug/Baz.Caja.Turnador.Test.DLL" adapterTypeName="Microsoft.VisualStudio.TestTools.TestTypes.Unit.UnitTestAdapter, Microsoft.VisualStudio.QualityTools.Tips.UnitTest.Adapter, Version=10.0.0.0, Culture=neutral, PublicKeyToken=b03f5f7f11d50a3a" className="Baz.Caja.Turnador.Test.Dao.CjCTTurnosFlowAlternativeTest, Baz.Caja.Turnador.Test, Version=1.0.0.0, Culture=neutral, PublicKeyToken=null" name="CancelarTurnoTest" />
      <DataSource connectionString="|DataDirectory|\resource\datasource\TurnoTest.xml" providerInvariantName="Microsoft.VisualStudio.TestTools.DataSource.XML" tableName="entrada" />
    </UnitTest>
    <UnitTest name="GetPoolByEmpleadoTest" storage="c:\gfb\workspaces\networkspace\cjcrturnador\cjcrturnadortest\bin\debug\baz.caja.turnador.test.dll" id="b0806fa8-b6a7-0b91-2eaf-501afebefbd0">
      <Execution id="adff539f-262c-4223-b864-c343da41792b" />
      <TestMethod codeBase="C:/gfb/workspaces/networkspace/CjCRTurnador/CjCRTurnadorTest/bin/Debug/Baz.Caja.Turnador.Test.DLL" adapterTypeName="Microsoft.VisualStudio.TestTools.TestTypes.Unit.UnitTestAdapter, Microsoft.VisualStudio.QualityTools.Tips.UnitTest.Adapter, Version=10.0.0.0, Culture=neutral, PublicKeyToken=b03f5f7f11d50a3a" className="Baz.Caja.Turnador.Test.Dao.CjCTPoolFlowTest, Baz.Caja.Turnador.Test, Version=1.0.0.0, Culture=neutral, PublicKeyToken=null" name="GetPoolByEmpleadoTest" />
      <DataSource connectionString="|DataDirectory|\resource\datasource\TurnoTest.xml" providerInvariantName="Microsoft.VisualStudio.TestTools.DataSource.XML" tableName="entrada" />
    </UnitTest>
    <UnitTest name="AtenderVirtualTest" storage="c:\gfb\workspaces\networkspace\cjcrturnador\cjcrturnadortest\bin\debug\baz.caja.turnador.test.dll" id="7184f34c-99d0-b6e9-7b20-e35849e84b78">
      <Execution id="034bf0db-d736-4ffa-bae5-17536789cb71" />
      <TestMethod codeBase="C:/gfb/workspaces/networkspace/CjCRTurnador/CjCRTurnadorTest/bin/Debug/Baz.Caja.Turnador.Test.DLL" adapterTypeName="Microsoft.VisualStudio.TestTools.TestTypes.Unit.UnitTestAdapter, Microsoft.VisualStudio.QualityTools.Tips.UnitTest.Adapter, Version=10.0.0.0, Culture=neutral, PublicKeyToken=b03f5f7f11d50a3a" className="Baz.Caja.Turnador.Test.Dao.CjCTTurnosFlowAlternativeTest, Baz.Caja.Turnador.Test, Version=1.0.0.0, Culture=neutral, PublicKeyToken=null" name="AtenderVirtualTest" />
      <DataSource connectionString="|DataDirectory|\resource\datasource\TurnoTest.xml" providerInvariantName="Microsoft.VisualStudio.TestTools.DataSource.XML" tableName="entrada" />
    </UnitTest>
    <UnitTest name="AtencionTurnoTest" storage="c:\gfb\workspaces\networkspace\cjcrturnador\cjcrturnadortest\bin\debug\baz.caja.turnador.test.dll" id="0f891f1d-cc71-73e9-d31f-0323be873eb1">
      <Execution id="746fb1c6-fc89-4673-bf46-66cac1d16346" />
      <TestMethod codeBase="C:/gfb/workspaces/networkspace/CjCRTurnador/CjCRTurnadorTest/bin/Debug/Baz.Caja.Turnador.Test.DLL" adapterTypeName="Microsoft.VisualStudio.TestTools.TestTypes.Unit.UnitTestAdapter, Microsoft.VisualStudio.QualityTools.Tips.UnitTest.Adapter, Version=10.0.0.0, Culture=neutral, PublicKeyToken=b03f5f7f11d50a3a" className="Baz.Caja.Turnador.Test.Dao.CjCTTurnosFlowBasicTest, Baz.Caja.Turnador.Test, Version=1.0.0.0, Culture=neutral, PublicKeyToken=null" name="AtencionTurnoTest" />
      <DataSource connectionString="|DataDirectory|\resource\datasource\TurnoTest.xml" providerInvariantName="Microsoft.VisualStudio.TestTools.DataSource.XML" tableName="entrada" />
    </UnitTest>
    <UnitTest name="GetUnidadesNegocioTest" storage="c:\gfb\workspaces\networkspace\cjcrturnador\cjcrturnadortest\bin\debug\baz.caja.turnador.test.dll" id="e922963d-cab3-cc10-54f9-f26345bc90f5">
      <Execution id="169cb611-c3d6-4708-a88c-61d4778c8049" />
      <TestMethod codeBase="C:/gfb/workspaces/networkspace/CjCRTurnador/CjCRTurnadorTest/bin/Debug/Baz.Caja.Turnador.Test.DLL" adapterTypeName="Microsoft.VisualStudio.TestTools.TestTypes.Unit.UnitTestAdapter, Microsoft.VisualStudio.QualityTools.Tips.UnitTest.Adapter, Version=10.0.0.0, Culture=neutral, PublicKeyToken=b03f5f7f11d50a3a" className="Baz.Caja.Turnador.Test.Dao.CjCTNegocioFlowTest, Baz.Caja.Turnador.Test, Version=1.0.0.0, Culture=neutral, PublicKeyToken=null" name="GetUnidadesNegocioTest" />
    </UnitTest>
    <UnitTest name="GetTurnosEstadoTest" storage="c:\gfb\workspaces\networkspace\cjcrturnador\cjcrturnadortest\bin\debug\baz.caja.turnador.test.dll" id="240e14ec-c5e8-54e9-7d6b-03bf27d9fd9b">
      <Execution id="d505e8dc-9213-4626-b494-6f83e8078fb6" />
      <TestMethod codeBase="C:/gfb/workspaces/networkspace/CjCRTurnador/CjCRTurnadorTest/bin/Debug/Baz.Caja.Turnador.Test.DLL" adapterTypeName="Microsoft.VisualStudio.TestTools.TestTypes.Unit.UnitTestAdapter, Microsoft.VisualStudio.QualityTools.Tips.UnitTest.Adapter, Version=10.0.0.0, Culture=neutral, PublicKeyToken=b03f5f7f11d50a3a" className="Baz.Caja.Turnador.Test.Dao.CjCTTurnosFlowBasicTest, Baz.Caja.Turnador.Test, Version=1.0.0.0, Culture=neutral, PublicKeyToken=null" name="GetTurnosEstadoTest" />
      <DataSource connectionString="|DataDirectory|\resource\datasource\TurnoTest.xml" providerInvariantName="Microsoft.VisualStudio.TestTools.DataSource.XML" tableName="entrada" />
    </UnitTest>
    <UnitTest name="GetTurnosAsignadosTest" storage="c:\gfb\workspaces\networkspace\cjcrturnador\cjcrturnadortest\bin\debug\baz.caja.turnador.test.dll" id="169bcf0f-6d98-97b6-956b-7db1e923fb22">
      <Execution id="44e0368b-ab44-4cd9-b22b-92ab2d279609" />
      <TestMethod codeBase="C:/gfb/workspaces/networkspace/CjCRTurnador/CjCRTurnadorTest/bin/Debug/Baz.Caja.Turnador.Test.DLL" adapterTypeName="Microsoft.VisualStudio.TestTools.TestTypes.Unit.UnitTestAdapter, Microsoft.VisualStudio.QualityTools.Tips.UnitTest.Adapter, Version=10.0.0.0, Culture=neutral, PublicKeyToken=b03f5f7f11d50a3a" className="Baz.Caja.Turnador.Test.Dao.CjCTTurnosFlowBasicTest, Baz.Caja.Turnador.Test, Version=1.0.0.0, Culture=neutral, PublicKeyToken=null" name="GetTurnosAsignadosTest" />
      <DataSource connectionString="|DataDirectory|\resource\datasource\TurnoTest.xml" providerInvariantName="Microsoft.VisualStudio.TestTools.DataSource.XML" tableName="entrada" />
    </UnitTest>
    <UnitTest name="SetEstadoAtencionTest" storage="c:\gfb\workspaces\networkspace\cjcrturnador\cjcrturnadortest\bin\debug\baz.caja.turnador.test.dll" id="5c4a225e-2177-2cf6-d984-09e99a1f0ffe">
      <Execution id="95afe941-cbf7-4578-8b52-88665240a3c2" />
      <TestMethod codeBase="C:/gfb/workspaces/networkspace/CjCRTurnador/CjCRTurnadorTest/bin/Debug/Baz.Caja.Turnador.Test.DLL" adapterTypeName="Microsoft.VisualStudio.TestTools.TestTypes.Unit.UnitTestAdapter, Microsoft.VisualStudio.QualityTools.Tips.UnitTest.Adapter, Version=10.0.0.0, Culture=neutral, PublicKeyToken=b03f5f7f11d50a3a" className="Baz.Caja.Turnador.Test.Dao.CjCTPoolFlowTest, Baz.Caja.Turnador.Test, Version=1.0.0.0, Culture=neutral, PublicKeyToken=null" name="SetEstadoAtencionTest" />
      <DataSource connectionString="|DataDirectory|\resource\datasource\EmpleadoPoolTest.xml" providerInvariantName="Microsoft.VisualStudio.TestTools.DataSource.XML" tableName="entrada" />
    </UnitTest>
    <UnitTest name="EstadosTurnoTest" storage="c:\gfb\workspaces\networkspace\cjcrturnador\cjcrturnadortest\bin\debug\baz.caja.turnador.test.dll" id="956c3ffe-c6e4-7e66-7e50-68d4b6ef511d">
      <Execution id="0549e163-fbf8-4dbd-8635-67ad64aebd60" />
      <TestMethod codeBase="C:/gfb/workspaces/networkspace/CjCRTurnador/CjCRTurnadorTest/bin/Debug/Baz.Caja.Turnador.Test.DLL" adapterTypeName="Microsoft.VisualStudio.TestTools.TestTypes.Unit.UnitTestAdapter, Microsoft.VisualStudio.QualityTools.Tips.UnitTest.Adapter, Version=10.0.0.0, Culture=neutral, PublicKeyToken=b03f5f7f11d50a3a" className="Baz.Caja.Turnador.Test.Support.CjCTAppConfigTest, Baz.Caja.Turnador.Test, Version=1.0.0.0, Culture=neutral, PublicKeyToken=null" name="EstadosTurnoTest" />
    </UnitTest>
    <UnitTest name="GetPoolAtencionTest" storage="c:\gfb\workspaces\networkspace\cjcrturnador\cjcrturnadortest\bin\debug\baz.caja.turnador.test.dll" id="3826561d-a665-30f8-05d1-4db104734951">
      <Execution id="bf5d2299-6d4c-492c-8be5-1163e2478608" />
      <TestMethod codeBase="C:/gfb/workspaces/networkspace/CjCRTurnador/CjCRTurnadorTest/bin/Debug/Baz.Caja.Turnador.Test.DLL" adapterTypeName="Microsoft.VisualStudio.TestTools.TestTypes.Unit.UnitTestAdapter, Microsoft.VisualStudio.QualityTools.Tips.UnitTest.Adapter, Version=10.0.0.0, Culture=neutral, PublicKeyToken=b03f5f7f11d50a3a" className="Baz.Caja.Turnador.Test.Dao.CjCTPoolFlowTest, Baz.Caja.Turnador.Test, Version=1.0.0.0, Culture=neutral, PublicKeyToken=null" name="GetPoolAtencionTest" />
      <DataSource connectionString="|DataDirectory|\resource\datasource\TurnoTest.xml" providerInvariantName="Microsoft.VisualStudio.TestTools.DataSource.XML" tableName="entrada" />
    </UnitTest>
    <UnitTest name="GenerarTurnoTest" storage="c:\gfb\workspaces\networkspace\cjcrturnador\cjcrturnadortest\bin\debug\baz.caja.turnador.test.dll" id="0c6bd91c-6818-d256-addf-da9900ca297f">
      <Execution id="7b5cb01f-b98d-45b2-9ebf-3af0d7704269" />
      <TestMethod codeBase="C:/gfb/workspaces/networkspace/CjCRTurnador/CjCRTurnadorTest/bin/Debug/Baz.Caja.Turnador.Test.DLL" adapterTypeName="Microsoft.VisualStudio.TestTools.TestTypes.Unit.UnitTestAdapter, Microsoft.VisualStudio.QualityTools.Tips.UnitTest.Adapter, Version=10.0.0.0, Culture=neutral, PublicKeyToken=b03f5f7f11d50a3a" className="Baz.Caja.Turnador.Test.Dao.CjCTTurnosFlowBasicTest, Baz.Caja.Turnador.Test, Version=1.0.0.0, Culture=neutral, PublicKeyToken=null" name="GenerarTurnoTest" />
      <DataSource connectionString="|DataDirectory|\resource\datasource\TurnoTest.xml" providerInvariantName="Microsoft.VisualStudio.TestTools.DataSource.XML" tableName="entrada" />
    </UnitTest>
    <UnitTest name="CaducarTurnoTest" storage="c:\gfb\workspaces\networkspace\cjcrturnador\cjcrturnadortest\bin\debug\baz.caja.turnador.test.dll" id="7c90f9c5-18f9-349c-4484-c9fa726f092c">
      <Execution id="79cfcebb-32dc-4e69-ae13-2478cbf05928" />
      <TestMethod codeBase="C:/gfb/workspaces/networkspace/CjCRTurnador/CjCRTurnadorTest/bin/Debug/Baz.Caja.Turnador.Test.DLL" adapterTypeName="Microsoft.VisualStudio.TestTools.TestTypes.Unit.UnitTestAdapter, Microsoft.VisualStudio.QualityTools.Tips.UnitTest.Adapter, Version=10.0.0.0, Culture=neutral, PublicKeyToken=b03f5f7f11d50a3a" className="Baz.Caja.Turnador.Test.Dao.CjCTTurnosFlowAlternativeTest, Baz.Caja.Turnador.Test, Version=1.0.0.0, Culture=neutral, PublicKeyToken=null" name="CaducarTurnoTest" />
      <DataSource connectionString="|DataDirectory|\resource\datasource\TurnoTest.xml" providerInvariantName="Microsoft.VisualStudio.TestTools.DataSource.XML" tableName="entrada" />
    </UnitTest>
    <UnitTest name="EstadosAtencionTest" storage="c:\gfb\workspaces\networkspace\cjcrturnador\cjcrturnadortest\bin\debug\baz.caja.turnador.test.dll" id="efd65196-5e68-8890-9fe9-3307e97f2e4d">
      <Execution id="83581207-614b-49fc-b6c5-7929f6b1f418" />
      <TestMethod codeBase="C:/gfb/workspaces/networkspace/CjCRTurnador/CjCRTurnadorTest/bin/Debug/Baz.Caja.Turnador.Test.DLL" adapterTypeName="Microsoft.VisualStudio.TestTools.TestTypes.Unit.UnitTestAdapter, Microsoft.VisualStudio.QualityTools.Tips.UnitTest.Adapter, Version=10.0.0.0, Culture=neutral, PublicKeyToken=b03f5f7f11d50a3a" className="Baz.Caja.Turnador.Test.Support.CjCTAppConfigTest, Baz.Caja.Turnador.Test, Version=1.0.0.0, Culture=neutral, PublicKeyToken=null" name="EstadosAtencionTest" />
    </UnitTest>
    <UnitTest name="ApropiarTurnoTest" storage="c:\gfb\workspaces\networkspace\cjcrturnador\cjcrturnadortest\bin\debug\baz.caja.turnador.test.dll" id="e062c1d9-c339-1cd0-0d22-cd14de58137e">
      <Execution id="7a05e502-43c1-4422-8607-0459ff092b0b" />
      <TestMethod codeBase="C:/gfb/workspaces/networkspace/CjCRTurnador/CjCRTurnadorTest/bin/Debug/Baz.Caja.Turnador.Test.DLL" adapterTypeName="Microsoft.VisualStudio.TestTools.TestTypes.Unit.UnitTestAdapter, Microsoft.VisualStudio.QualityTools.Tips.UnitTest.Adapter, Version=10.0.0.0, Culture=neutral, PublicKeyToken=b03f5f7f11d50a3a" className="Baz.Caja.Turnador.Test.Dao.CjCTTurnosFlowAlternativeTest, Baz.Caja.Turnador.Test, Version=1.0.0.0, Culture=neutral, PublicKeyToken=null" name="ApropiarTurnoTest" />
      <DataSource connectionString="|DataDirectory|\resource\datasource\TurnoApropiadoTest.xml" providerInvariantName="Microsoft.VisualStudio.TestTools.DataSource.XML" tableName="entrada" />
    </UnitTest>
  </TestDefinitions>
  <TestLists>
    <TestList name="Resultados que no están en la lista" id="8c84fa94-04c1-424b-9868-57a2d4851a1d" />
    <TestList name="Todos los resultados cargados" id="19431567-8539-422a-85d7-44ee4e166bda" />
  </TestLists>
  <TestEntries>
    <TestEntry testId="0c6bd91c-6818-d256-addf-da9900ca297f" executionId="7b5cb01f-b98d-45b2-9ebf-3af0d7704269" testListId="8c84fa94-04c1-424b-9868-57a2d4851a1d" />
    <TestEntry testId="0f891f1d-cc71-73e9-d31f-0323be873eb1" executionId="746fb1c6-fc89-4673-bf46-66cac1d16346" testListId="8c84fa94-04c1-424b-9868-57a2d4851a1d" />
    <TestEntry testId="169bcf0f-6d98-97b6-956b-7db1e923fb22" executionId="44e0368b-ab44-4cd9-b22b-92ab2d279609" testListId="8c84fa94-04c1-424b-9868-57a2d4851a1d" />
    <TestEntry testId="240e14ec-c5e8-54e9-7d6b-03bf27d9fd9b" executionId="d505e8dc-9213-4626-b494-6f83e8078fb6" testListId="8c84fa94-04c1-424b-9868-57a2d4851a1d" />
    <TestEntry testId="3826561d-a665-30f8-05d1-4db104734951" executionId="bf5d2299-6d4c-492c-8be5-1163e2478608" testListId="8c84fa94-04c1-424b-9868-57a2d4851a1d" />
    <TestEntry testId="5c4a225e-2177-2cf6-d984-09e99a1f0ffe" executionId="95afe941-cbf7-4578-8b52-88665240a3c2" testListId="8c84fa94-04c1-424b-9868-57a2d4851a1d" />
    <TestEntry testId="7184f34c-99d0-b6e9-7b20-e35849e84b78" executionId="034bf0db-d736-4ffa-bae5-17536789cb71" testListId="8c84fa94-04c1-424b-9868-57a2d4851a1d" />
    <TestEntry testId="7c90f9c5-18f9-349c-4484-c9fa726f092c" executionId="79cfcebb-32dc-4e69-ae13-2478cbf05928" testListId="8c84fa94-04c1-424b-9868-57a2d4851a1d" />
    <TestEntry testId="81534639-43c2-b394-d70a-29c369fa3259" executionId="420345e5-6a11-4324-b817-05b37052a3e2" testListId="8c84fa94-04c1-424b-9868-57a2d4851a1d" />
    <TestEntry testId="81885110-5caf-ba2d-5426-09a7cde5d78f" executionId="91e59339-50e3-4178-90a3-2457d306ce46" testListId="8c84fa94-04c1-424b-9868-57a2d4851a1d" />
    <TestEntry testId="956c3ffe-c6e4-7e66-7e50-68d4b6ef511d" executionId="0549e163-fbf8-4dbd-8635-67ad64aebd60" testListId="8c84fa94-04c1-424b-9868-57a2d4851a1d" />
    <TestEntry testId="b0806fa8-b6a7-0b91-2eaf-501afebefbd0" executionId="adff539f-262c-4223-b864-c343da41792b" testListId="8c84fa94-04c1-424b-9868-57a2d4851a1d" />
    <TestEntry testId="e062c1d9-c339-1cd0-0d22-cd14de58137e" executionId="7a05e502-43c1-4422-8607-0459ff092b0b" testListId="8c84fa94-04c1-424b-9868-57a2d4851a1d" />
    <TestEntry testId="e922963d-cab3-cc10-54f9-f26345bc90f5" executionId="169cb611-c3d6-4708-a88c-61d4778c8049" testListId="8c84fa94-04c1-424b-9868-57a2d4851a1d" />
    <TestEntry testId="efd65196-5e68-8890-9fe9-3307e97f2e4d" executionId="83581207-614b-49fc-b6c5-7929f6b1f418" testListId="8c84fa94-04c1-424b-9868-57a2d4851a1d" />
  </TestEntries>
  <Results>
    <UnitTestResult executionId="7b5cb01f-b98d-45b2-9ebf-3af0d7704269" testId="0c6bd91c-6818-d256-addf-da9900ca297f" testName="GenerarTurnoTest" computerName="WXP_FGAMEZ" duration="00:00:00.1014788" startTime="2013-12-03T18:20:13.1433698-06:00" endTime="2013-12-03T18:20:14.1410786-06:00" testType="13cdc9d9-ddb5-4fa4-a97d-d965ccfc6d4b" outcome="Passed" testListId="8c84fa94-04c1-424b-9868-57a2d4851a1d" relativeResultsDirectory="7b5cb01f-b98d-45b2-9ebf-3af0d7704269" resultType="DataDrivenTest">
      <Counters error="0" failed="0" timeout="0" aborted="0" inconclusive="0" passedButRunAborted="0" notRunnable="0" notExecuted="0" disconnected="0" warning="0" passed="3" completed="0" inProgress="0" pending="0" />
      <InnerResults>
        <UnitTestResult executionId="899e3ece-257a-49d3-9c43-4134a330ad88" parentExecutionId="7b5cb01f-b98d-45b2-9ebf-3af0d7704269" testId="0c6bd91c-6818-d256-addf-da9900ca297f" testName="GenerarTurnoTest" computerName="WXP_FGAMEZ" duration="00:00:00.0579883" startTime="2013-12-03T18:20:14.0319542-06:00" endTime="2013-12-03T18:20:14.0943110-06:00" testType="13cdc9d9-ddb5-4fa4-a97d-d965ccfc6d4b" outcome="Passed" testListId="8c84fa94-04c1-424b-9868-57a2d4851a1d" relativeResultsDirectory="7b5cb01f-b98d-45b2-9ebf-3af0d7704269" dataRowInfo="0" resultType="DataDrivenDataRow" />
        <UnitTestResult executionId="864aa567-18fb-4945-8d51-0def2c9aab9a" parentExecutionId="7b5cb01f-b98d-45b2-9ebf-3af0d7704269" testId="0c6bd91c-6818-d256-addf-da9900ca297f" testName="GenerarTurnoTest" computerName="WXP_FGAMEZ" duration="00:00:00.0096595" startTime="2013-12-03T18:20:14.0943110-06:00" endTime="2013-12-03T18:20:14.1099002-06:00" testType="13cdc9d9-ddb5-4fa4-a97d-d965ccfc6d4b" outcome="Passed" testListId="8c84fa94-04c1-424b-9868-57a2d4851a1d" relativeResultsDirectory="7b5cb01f-b98d-45b2-9ebf-3af0d7704269" dataRowInfo="1" resultType="DataDrivenDataRow" />
        <UnitTestResult executionId="e8d4d8ce-ce4b-47e3-b4e8-e43671ab7008" parentExecutionId="7b5cb01f-b98d-45b2-9ebf-3af0d7704269" testId="0c6bd91c-6818-d256-addf-da9900ca297f" testName="GenerarTurnoTest" computerName="WXP_FGAMEZ" duration="00:00:00.0183029" startTime="2013-12-03T18:20:14.1099002-06:00" endTime="2013-12-03T18:20:14.1254894-06:00" testType="13cdc9d9-ddb5-4fa4-a97d-d965ccfc6d4b" outcome="Passed" testListId="8c84fa94-04c1-424b-9868-57a2d4851a1d" relativeResultsDirectory="7b5cb01f-b98d-45b2-9ebf-3af0d7704269" dataRowInfo="2" resultType="DataDrivenDataRow" />
      </InnerResults>
    </UnitTestResult>
    <UnitTestResult executionId="746fb1c6-fc89-4673-bf46-66cac1d16346" testId="0f891f1d-cc71-73e9-d31f-0323be873eb1" testName="AtencionTurnoTest" computerName="WXP_FGAMEZ" duration="00:00:04.6697514" startTime="2013-12-03T18:20:14.1410786-06:00" endTime="2013-12-03T18:20:18.8178386-06:00" testType="13cdc9d9-ddb5-4fa4-a97d-d965ccfc6d4b" outcome="Passed" testListId="8c84fa94-04c1-424b-9868-57a2d4851a1d" relativeResultsDirectory="746fb1c6-fc89-4673-bf46-66cac1d16346" resultType="DataDrivenTest">
      <Counters error="0" failed="0" timeout="0" aborted="0" inconclusive="0" passedButRunAborted="0" notRunnable="0" notExecuted="0" disconnected="0" warning="0" passed="3" completed="0" inProgress="0" pending="0" />
      <InnerResults>
        <UnitTestResult executionId="3ee2f5e2-6a6e-43d9-8de0-678d11f4bca1" parentExecutionId="746fb1c6-fc89-4673-bf46-66cac1d16346" testId="0f891f1d-cc71-73e9-d31f-0323be873eb1" testName="AtencionTurnoTest" computerName="WXP_FGAMEZ" duration="00:00:01.5513105" startTime="2013-12-03T18:20:14.1566678-06:00" endTime="2013-12-03T18:20:15.6999986-06:00" testType="13cdc9d9-ddb5-4fa4-a97d-d965ccfc6d4b" outcome="Passed" testListId="8c84fa94-04c1-424b-9868-57a2d4851a1d" relativeResultsDirectory="746fb1c6-fc89-4673-bf46-66cac1d16346" dataRowInfo="0" resultType="DataDrivenDataRow" />
        <UnitTestResult executionId="832d4b9e-e78e-4354-911d-f8760c37d89e" parentExecutionId="746fb1c6-fc89-4673-bf46-66cac1d16346" testId="0f891f1d-cc71-73e9-d31f-0323be873eb1" testName="AtencionTurnoTest" computerName="WXP_FGAMEZ" duration="00:00:01.5825407" startTime="2013-12-03T18:20:15.6999986-06:00" endTime="2013-12-03T18:20:17.2745078-06:00" testType="13cdc9d9-ddb5-4fa4-a97d-d965ccfc6d4b" outcome="Passed" testListId="8c84fa94-04c1-424b-9868-57a2d4851a1d" relativeResultsDirectory="746fb1c6-fc89-4673-bf46-66cac1d16346" dataRowInfo="1" resultType="DataDrivenDataRow" />
        <UnitTestResult executionId="f2e20e8a-6a4f-492c-ab2e-8e0d5c6ef6c3" parentExecutionId="746fb1c6-fc89-4673-bf46-66cac1d16346" testId="0f891f1d-cc71-73e9-d31f-0323be873eb1" testName="AtencionTurnoTest" computerName="WXP_FGAMEZ" duration="00:00:01.5341702" startTime="2013-12-03T18:20:17.2745078-06:00" endTime="2013-12-03T18:20:18.8022494-06:00" testType="13cdc9d9-ddb5-4fa4-a97d-d965ccfc6d4b" outcome="Passed" testListId="8c84fa94-04c1-424b-9868-57a2d4851a1d" relativeResultsDirectory="746fb1c6-fc89-4673-bf46-66cac1d16346" dataRowInfo="2" resultType="DataDrivenDataRow" />
      </InnerResults>
    </UnitTestResult>
    <UnitTestResult executionId="44e0368b-ab44-4cd9-b22b-92ab2d279609" testId="169bcf0f-6d98-97b6-956b-7db1e923fb22" testName="GetTurnosAsignadosTest" computerName="WXP_FGAMEZ" duration="00:00:04.5569244" startTime="2013-12-03T18:20:18.8178386-06:00" endTime="2013-12-03T18:20:23.3854742-06:00" testType="13cdc9d9-ddb5-4fa4-a97d-d965ccfc6d4b" outcome="Passed" testListId="8c84fa94-04c1-424b-9868-57a2d4851a1d" relativeResultsDirectory="44e0368b-ab44-4cd9-b22b-92ab2d279609" resultType="DataDrivenTest">
      <Counters error="0" failed="0" timeout="0" aborted="0" inconclusive="0" passedButRunAborted="0" notRunnable="0" notExecuted="0" disconnected="0" warning="0" passed="3" completed="0" inProgress="0" pending="0" />
      <InnerResults>
        <UnitTestResult executionId="58c6c564-de76-4f60-8dca-057e2d217a34" parentExecutionId="44e0368b-ab44-4cd9-b22b-92ab2d279609" testId="169bcf0f-6d98-97b6-956b-7db1e923fb22" testName="GetTurnosAsignadosTest" computerName="WXP_FGAMEZ" duration="00:00:01.5141689" startTime="2013-12-03T18:20:18.8178386-06:00" endTime="2013-12-03T18:20:20.3299910-06:00" testType="13cdc9d9-ddb5-4fa4-a97d-d965ccfc6d4b" outcome="Passed" testListId="8c84fa94-04c1-424b-9868-57a2d4851a1d" relativeResultsDirectory="44e0368b-ab44-4cd9-b22b-92ab2d279609" dataRowInfo="0" resultType="DataDrivenDataRow" />
        <UnitTestResult executionId="aa6c2a14-a342-4cf1-9ac7-ff8f66501074" parentExecutionId="44e0368b-ab44-4cd9-b22b-92ab2d279609" testId="169bcf0f-6d98-97b6-956b-7db1e923fb22" testName="GetTurnosAsignadosTest" computerName="WXP_FGAMEZ" duration="00:00:01.5105746" startTime="2013-12-03T18:20:20.3299910-06:00" endTime="2013-12-03T18:20:21.8577326-06:00" testType="13cdc9d9-ddb5-4fa4-a97d-d965ccfc6d4b" outcome="Passed" testListId="8c84fa94-04c1-424b-9868-57a2d4851a1d" relativeResultsDirectory="44e0368b-ab44-4cd9-b22b-92ab2d279609" dataRowInfo="1" resultType="DataDrivenDataRow" />
        <UnitTestResult executionId="bec0f470-1f7f-4cde-bced-74e766f2ed50" parentExecutionId="44e0368b-ab44-4cd9-b22b-92ab2d279609" testId="169bcf0f-6d98-97b6-956b-7db1e923fb22" testName="GetTurnosAsignadosTest" computerName="WXP_FGAMEZ" duration="00:00:01.5285070" startTime="2013-12-03T18:20:21.8577326-06:00" endTime="2013-12-03T18:20:23.3854742-06:00" testType="13cdc9d9-ddb5-4fa4-a97d-d965ccfc6d4b" outcome="Passed" testListId="8c84fa94-04c1-424b-9868-57a2d4851a1d" relativeResultsDirectory="44e0368b-ab44-4cd9-b22b-92ab2d279609" dataRowInfo="2" resultType="DataDrivenDataRow" />
      </InnerResults>
    </UnitTestResult>
    <UnitTestResult executionId="d505e8dc-9213-4626-b494-6f83e8078fb6" testId="240e14ec-c5e8-54e9-7d6b-03bf27d9fd9b" testName="GetTurnosEstadoTest" computerName="WXP_FGAMEZ" duration="00:00:00.0964238" startTime="2013-12-03T18:20:23.3854742-06:00" endTime="2013-12-03T18:20:23.4945986-06:00" testType="13cdc9d9-ddb5-4fa4-a97d-d965ccfc6d4b" outcome="Passed" testListId="8c84fa94-04c1-424b-9868-57a2d4851a1d" relativeResultsDirectory="d505e8dc-9213-4626-b494-6f83e8078fb6" resultType="DataDrivenTest">
      <Counters error="0" failed="0" timeout="0" aborted="0" inconclusive="0" passedButRunAborted="0" notRunnable="0" notExecuted="0" disconnected="0" warning="0" passed="3" completed="0" inProgress="0" pending="0" />
      <InnerResults>
        <UnitTestResult executionId="d100082a-2a51-4516-b9e4-948a9acf27ff" parentExecutionId="d505e8dc-9213-4626-b494-6f83e8078fb6" testId="240e14ec-c5e8-54e9-7d6b-03bf27d9fd9b" testName="GetTurnosEstadoTest" computerName="WXP_FGAMEZ" duration="00:00:00.0310197" startTime="2013-12-03T18:20:23.4010634-06:00" endTime="2013-12-03T18:20:23.4322418-06:00" testType="13cdc9d9-ddb5-4fa4-a97d-d965ccfc6d4b" outcome="Passed" testListId="8c84fa94-04c1-424b-9868-57a2d4851a1d" relativeResultsDirectory="d505e8dc-9213-4626-b494-6f83e8078fb6" dataRowInfo="0" resultType="DataDrivenDataRow" />
        <UnitTestResult executionId="d7eb88fe-edd7-4c80-8899-5eabe9f713d6" parentExecutionId="d505e8dc-9213-4626-b494-6f83e8078fb6" testId="240e14ec-c5e8-54e9-7d6b-03bf27d9fd9b" testName="GetTurnosEstadoTest" computerName="WXP_FGAMEZ" duration="00:00:00.0512887" startTime="2013-12-03T18:20:23.4322418-06:00" endTime="2013-12-03T18:20:23.4790094-06:00" testType="13cdc9d9-ddb5-4fa4-a97d-d965ccfc6d4b" outcome="Passed" testListId="8c84fa94-04c1-424b-9868-57a2d4851a1d" relativeResultsDirectory="d505e8dc-9213-4626-b494-6f83e8078fb6" dataRowInfo="1" resultType="DataDrivenDataRow" />
        <UnitTestResult executionId="25b75e89-15f8-41ff-9325-68f1ca00805b" parentExecutionId="d505e8dc-9213-4626-b494-6f83e8078fb6" testId="240e14ec-c5e8-54e9-7d6b-03bf27d9fd9b" testName="GetTurnosEstadoTest" computerName="WXP_FGAMEZ" duration="00:00:00.0123395" startTime="2013-12-03T18:20:23.4790094-06:00" endTime="2013-12-03T18:20:23.4945986-06:00" testType="13cdc9d9-ddb5-4fa4-a97d-d965ccfc6d4b" outcome="Passed" testListId="8c84fa94-04c1-424b-9868-57a2d4851a1d" relativeResultsDirectory="d505e8dc-9213-4626-b494-6f83e8078fb6" dataRowInfo="2" resultType="DataDrivenDataRow" />
      </InnerResults>
    </UnitTestResult>
    <UnitTestResult executionId="bf5d2299-6d4c-492c-8be5-1163e2478608" testId="3826561d-a665-30f8-05d1-4db104734951" testName="GetPoolAtencionTest" computerName="WXP_FGAMEZ" duration="00:00:00.0277285" startTime="2013-12-03T18:20:23.4945986-06:00" endTime="2013-12-03T18:20:23.6660798-06:00" testType="13cdc9d9-ddb5-4fa4-a97d-d965ccfc6d4b" outcome="Passed" testListId="8c84fa94-04c1-424b-9868-57a2d4851a1d" relativeResultsDirectory="bf5d2299-6d4c-492c-8be5-1163e2478608" resultType="DataDrivenTest">
      <Counters error="0" failed="0" timeout="0" aborted="0" inconclusive="0" passedButRunAborted="0" notRunnable="0" notExecuted="0" disconnected="0" warning="0" passed="3" completed="0" inProgress="0" pending="0" />
      <InnerResults>
        <UnitTestResult executionId="cf65988e-c8f5-413d-8c72-16b44f86c25b" parentExecutionId="bf5d2299-6d4c-492c-8be5-1163e2478608" testId="3826561d-a665-30f8-05d1-4db104734951" testName="GetPoolAtencionTest" computerName="WXP_FGAMEZ" duration="00:00:00.0097773" startTime="2013-12-03T18:20:23.6349014-06:00" endTime="2013-12-03T18:20:23.6349014-06:00" testType="13cdc9d9-ddb5-4fa4-a97d-d965ccfc6d4b" outcome="Passed" testListId="8c84fa94-04c1-424b-9868-57a2d4851a1d" relativeResultsDirectory="bf5d2299-6d4c-492c-8be5-1163e2478608" dataRowInfo="0" resultType="DataDrivenDataRow" />
        <UnitTestResult executionId="d28ff380-aa42-4152-adbb-8631e0e6cfe6" parentExecutionId="bf5d2299-6d4c-492c-8be5-1163e2478608" testId="3826561d-a665-30f8-05d1-4db104734951" testName="GetPoolAtencionTest" computerName="WXP_FGAMEZ" duration="00:00:00.0080198" startTime="2013-12-03T18:20:23.6349014-06:00" endTime="2013-12-03T18:20:23.6504906-06:00" testType="13cdc9d9-ddb5-4fa4-a97d-d965ccfc6d4b" outcome="Passed" testListId="8c84fa94-04c1-424b-9868-57a2d4851a1d" relativeResultsDirectory="bf5d2299-6d4c-492c-8be5-1163e2478608" dataRowInfo="1" resultType="DataDrivenDataRow" />
        <UnitTestResult executionId="29720209-967d-48e2-9b7c-e2eca87de94e" parentExecutionId="bf5d2299-6d4c-492c-8be5-1163e2478608" testId="3826561d-a665-30f8-05d1-4db104734951" testName="GetPoolAtencionTest" computerName="WXP_FGAMEZ" duration="00:00:00.0082095" startTime="2013-12-03T18:20:23.6504906-06:00" endTime="2013-12-03T18:20:23.6504906-06:00" testType="13cdc9d9-ddb5-4fa4-a97d-d965ccfc6d4b" outcome="Passed" testListId="8c84fa94-04c1-424b-9868-57a2d4851a1d" relativeResultsDirectory="bf5d2299-6d4c-492c-8be5-1163e2478608" dataRowInfo="2" resultType="DataDrivenDataRow" />
      </InnerResults>
    </UnitTestResult>
    <UnitTestResult executionId="95afe941-cbf7-4578-8b52-88665240a3c2" testId="5c4a225e-2177-2cf6-d984-09e99a1f0ffe" testName="SetEstadoAtencionTest" computerName="WXP_FGAMEZ" duration="00:00:00.0307604" startTime="2013-12-03T18:20:23.6660798-06:00" endTime="2013-12-03T18:20:23.6972582-06:00" testType="13cdc9d9-ddb5-4fa4-a97d-d965ccfc6d4b" outcome="Passed" testListId="8c84fa94-04c1-424b-9868-57a2d4851a1d" relativeResultsDirectory="95afe941-cbf7-4578-8b52-88665240a3c2" resultType="DataDrivenTest">
      <Counters error="0" failed="0" timeout="0" aborted="0" inconclusive="0" passedButRunAborted="0" notRunnable="0" notExecuted="0" disconnected="0" warning="0" passed="6" completed="0" inProgress="0" pending="0" />
      <InnerResults>
        <UnitTestResult executionId="19914f22-e56a-454e-b94b-6f2c0fe1aef4" parentExecutionId="95afe941-cbf7-4578-8b52-88665240a3c2" testId="5c4a225e-2177-2cf6-d984-09e99a1f0ffe" testName="SetEstadoAtencionTest" computerName="WXP_FGAMEZ" duration="00:00:00.0065100" startTime="2013-12-03T18:20:23.6816690-06:00" endTime="2013-12-03T18:20:23.6816690-06:00" testType="13cdc9d9-ddb5-4fa4-a97d-d965ccfc6d4b" outcome="Passed" testListId="8c84fa94-04c1-424b-9868-57a2d4851a1d" relativeResultsDirectory="95afe941-cbf7-4578-8b52-88665240a3c2" dataRowInfo="0" resultType="DataDrivenDataRow" />
        <UnitTestResult executionId="0114cf6f-d1aa-4c40-9283-eb9930ecd22f" parentExecutionId="95afe941-cbf7-4578-8b52-88665240a3c2" testId="5c4a225e-2177-2cf6-d984-09e99a1f0ffe" testName="SetEstadoAtencionTest" computerName="WXP_FGAMEZ" duration="00:00:00.0014819" startTime="2013-12-03T18:20:23.6816690-06:00" endTime="2013-12-03T18:20:23.6816690-06:00" testType="13cdc9d9-ddb5-4fa4-a97d-d965ccfc6d4b" outcome="Passed" testListId="8c84fa94-04c1-424b-9868-57a2d4851a1d" relativeResultsDirectory="95afe941-cbf7-4578-8b52-88665240a3c2" dataRowInfo="1" resultType="DataDrivenDataRow" />
        <UnitTestResult executionId="1bef6fcb-b2b5-48ca-842d-dfd719f1d54c" parentExecutionId="95afe941-cbf7-4578-8b52-88665240a3c2" testId="5c4a225e-2177-2cf6-d984-09e99a1f0ffe" testName="SetEstadoAtencionTest" computerName="WXP_FGAMEZ" duration="00:00:00.0018720" startTime="2013-12-03T18:20:23.6816690-06:00" endTime="2013-12-03T18:20:23.6816690-06:00" testType="13cdc9d9-ddb5-4fa4-a97d-d965ccfc6d4b" outcome="Passed" testListId="8c84fa94-04c1-424b-9868-57a2d4851a1d" relativeResultsDirectory="95afe941-cbf7-4578-8b52-88665240a3c2" dataRowInfo="2" resultType="DataDrivenDataRow" />
        <UnitTestResult executionId="16711ec1-51f3-44d7-b1cc-1b8966de12fc" parentExecutionId="95afe941-cbf7-4578-8b52-88665240a3c2" testId="5c4a225e-2177-2cf6-d984-09e99a1f0ffe" testName="SetEstadoAtencionTest" computerName="WXP_FGAMEZ" duration="00:00:00.0016385" startTime="2013-12-03T18:20:23.6816690-06:00" endTime="2013-12-03T18:20:23.6816690-06:00" testType="13cdc9d9-ddb5-4fa4-a97d-d965ccfc6d4b" outcome="Passed" testListId="8c84fa94-04c1-424b-9868-57a2d4851a1d" relativeResultsDirectory="95afe941-cbf7-4578-8b52-88665240a3c2" dataRowInfo="3" resultType="DataDrivenDataRow" />
        <UnitTestResult executionId="27603958-66ed-4a8e-8299-5c4fc45f28e8" parentExecutionId="95afe941-cbf7-4578-8b52-88665240a3c2" testId="5c4a225e-2177-2cf6-d984-09e99a1f0ffe" testName="SetEstadoAtencionTest" computerName="WXP_FGAMEZ" duration="00:00:00.0015699" startTime="2013-12-03T18:20:23.6816690-06:00" endTime="2013-12-03T18:20:23.6816690-06:00" testType="13cdc9d9-ddb5-4fa4-a97d-d965ccfc6d4b" outcome="Passed" testListId="8c84fa94-04c1-424b-9868-57a2d4851a1d" relativeResultsDirectory="95afe941-cbf7-4578-8b52-88665240a3c2" dataRowInfo="4" resultType="DataDrivenDataRow" />
        <UnitTestResult executionId="0db899ed-45c2-472c-b9ee-899a0d9c19f0" parentExecutionId="95afe941-cbf7-4578-8b52-88665240a3c2" testId="5c4a225e-2177-2cf6-d984-09e99a1f0ffe" testName="SetEstadoAtencionTest" computerName="WXP_FGAMEZ" duration="00:00:00.0138357" startTime="2013-12-03T18:20:23.6816690-06:00" endTime="2013-12-03T18:20:23.6816690-06:00" testType="13cdc9d9-ddb5-4fa4-a97d-d965ccfc6d4b" outcome="Passed" testListId="8c84fa94-04c1-424b-9868-57a2d4851a1d" relativeResultsDirectory="95afe941-cbf7-4578-8b52-88665240a3c2" dataRowInfo="5" resultType="DataDrivenDataRow" />
      </InnerResults>
    </UnitTestResult>
    <UnitTestResult executionId="034bf0db-d736-4ffa-bae5-17536789cb71" testId="7184f34c-99d0-b6e9-7b20-e35849e84b78" testName="AtenderVirtualTest" computerName="WXP_FGAMEZ" duration="00:00:00.0401193" startTime="2013-12-03T18:20:23.6972582-06:00" endTime="2013-12-03T18:20:23.8375610-06:00" testType="13cdc9d9-ddb5-4fa4-a97d-d965ccfc6d4b" outcome="Failed" testListId="8c84fa94-04c1-424b-9868-57a2d4851a1d" relativeResultsDirectory="034bf0db-d736-4ffa-bae5-17536789cb71" resultType="DataDrivenTest">
      <Counters error="0" failed="3" timeout="0" aborted="0" inconclusive="0" passedButRunAborted="0" notRunnable="0" notExecuted="0" disconnected="0" warning="0" passed="0" completed="0" inProgress="0" pending="0" />
      <InnerResults>
        <UnitTestResult executionId="79900142-2298-42d7-b98c-03a792d87dc3" parentExecutionId="034bf0db-d736-4ffa-bae5-17536789cb71" testId="7184f34c-99d0-b6e9-7b20-e35849e84b78" testName="AtenderVirtualTest" computerName="WXP_FGAMEZ" duration="00:00:00.0305102" startTime="2013-12-03T18:20:23.7907934-06:00" endTime="2013-12-03T18:20:23.8219718-06:00" testType="13cdc9d9-ddb5-4fa4-a97d-d965ccfc6d4b" outcome="Failed" testListId="8c84fa94-04c1-424b-9868-57a2d4851a1d" relativeResultsDirectory="034bf0db-d736-4ffa-bae5-17536789cb71" dataRowInfo="0" resultType="DataDrivenDataRow">
          <Output>
            <ErrorInfo>
              <Message>El método de prueba Baz.Caja.Turnador.Test.Dao.CjCTTurnosFlowAlternativeTest.AtenderVirtualTest produjo la excepción: 
System.NullReferenceException: Referencia a objeto no establecida como instancia de un objeto.</Message>
              <StackTrace>    en Baz.Caja.Turnador.Logic.CjCRTurnosLogic.AtenderTurnoVirtual(String noEmpleado, CjCRTurno turno, CjCRCredential credential) en C:\gfb\workspaces\networkspace\CjCRTurnador\CjCRTurnador\src\logic\CjCRTurnosLogic.cs:línea 130
   en Baz.Caja.Turnador.Service.CjCRTurnosService.AtenderTurnoVirtual(String noEmpleado, CjCRTurno turno, CjCRCredential credential) en C:\gfb\workspaces\networkspace\CjCRTurnador\CjCRTurnador\src\service\CjCRTurnosService.cs:línea 115
   en Baz.Caja.Turnador.Test.Dao.CjCTTurnosFlowAlternativeTest.AtenderVirtualTest() en C:\gfb\workspaces\networkspace\CjCRTurnador\CjCRTurnadorTest\test\logic\CjCTTurnosFlowAlternativeTest.cs:línea 68
</StackTrace>
            </ErrorInfo>
          </Output>
        </UnitTestResult>
        <UnitTestResult executionId="a62ece5a-9bcb-4851-9e63-6692f9fa504d" parentExecutionId="034bf0db-d736-4ffa-bae5-17536789cb71" testId="7184f34c-99d0-b6e9-7b20-e35849e84b78" testName="AtenderVirtualTest" computerName="WXP_FGAMEZ" duration="00:00:00.0041487" startTime="2013-12-03T18:20:23.8219718-06:00" endTime="2013-12-03T18:20:23.8375610-06:00" testType="13cdc9d9-ddb5-4fa4-a97d-d965ccfc6d4b" outcome="Failed" testListId="8c84fa94-04c1-424b-9868-57a2d4851a1d" relativeResultsDirectory="034bf0db-d736-4ffa-bae5-17536789cb71" dataRowInfo="1" resultType="DataDrivenDataRow">
          <Output>
            <ErrorInfo>
              <Message>El método de prueba Baz.Caja.Turnador.Test.Dao.CjCTTurnosFlowAlternativeTest.AtenderVirtualTest produjo la excepción: 
System.NullReferenceException: Referencia a objeto no establecida como instancia de un objeto.</Message>
              <StackTrace>    en Baz.Caja.Turnador.Logic.CjCRTurnosLogic.AtenderTurnoVirtual(String noEmpleado, CjCRTurno turno, CjCRCredential credential) en C:\gfb\workspaces\networkspace\CjCRTurnador\CjCRTurnador\src\logic\CjCRTurnosLogic.cs:línea 130
   en Baz.Caja.Turnador.Service.CjCRTurnosService.AtenderTurnoVirtual(String noEmpleado, CjCRTurno turno, CjCRCredential credential) en C:\gfb\workspaces\networkspace\CjCRTurnador\CjCRTurnador\src\service\CjCRTurnosService.cs:línea 115
   en Baz.Caja.Turnador.Test.Dao.CjCTTurnosFlowAlternativeTest.AtenderVirtualTest() en C:\gfb\workspaces\networkspace\CjCRTurnador\CjCRTurnadorTest\test\logic\CjCTTurnosFlowAlternativeTest.cs:línea 68
</StackTrace>
            </ErrorInfo>
          </Output>
        </UnitTestResult>
        <UnitTestResult executionId="c8192cc3-2496-41a0-9a7f-b46cdd4e0b8a" parentExecutionId="034bf0db-d736-4ffa-bae5-17536789cb71" testId="7184f34c-99d0-b6e9-7b20-e35849e84b78" testName="AtenderVirtualTest" computerName="WXP_FGAMEZ" duration="00:00:00.0037149" startTime="2013-12-03T18:20:23.8375610-06:00" endTime="2013-12-03T18:20:23.8375610-06:00" testType="13cdc9d9-ddb5-4fa4-a97d-d965ccfc6d4b" outcome="Failed" testListId="8c84fa94-04c1-424b-9868-57a2d4851a1d" relativeResultsDirectory="034bf0db-d736-4ffa-bae5-17536789cb71" dataRowInfo="2" resultType="DataDrivenDataRow">
          <Output>
            <ErrorInfo>
              <Message>El método de prueba Baz.Caja.Turnador.Test.Dao.CjCTTurnosFlowAlternativeTest.AtenderVirtualTest produjo la excepción: 
System.NullReferenceException: Referencia a objeto no establecida como instancia de un objeto.</Message>
              <StackTrace>    en Baz.Caja.Turnador.Logic.CjCRTurnosLogic.AtenderTurnoVirtual(String noEmpleado, CjCRTurno turno, CjCRCredential credential) en C:\gfb\workspaces\networkspace\CjCRTurnador\CjCRTurnador\src\logic\CjCRTurnosLogic.cs:línea 130
   en Baz.Caja.Turnador.Service.CjCRTurnosService.AtenderTurnoVirtual(String noEmpleado, CjCRTurno turno, CjCRCredential credential) en C:\gfb\workspaces\networkspace\CjCRTurnador\CjCRTurnador\src\service\CjCRTurnosService.cs:línea 115
   en Baz.Caja.Turnador.Test.Dao.CjCTTurnosFlowAlternativeTest.AtenderVirtualTest() en C:\gfb\workspaces\networkspace\CjCRTurnador\CjCRTurnadorTest\test\logic\CjCTTurnosFlowAlternativeTest.cs:línea 68
</StackTrace>
            </ErrorInfo>
          </Output>
        </UnitTestResult>
      </InnerResults>
    </UnitTestResult>
    <UnitTestResult executionId="79cfcebb-32dc-4e69-ae13-2478cbf05928" testId="7c90f9c5-18f9-349c-4484-c9fa726f092c" testName="CaducarTurnoTest" computerName="WXP_FGAMEZ" duration="00:00:00.0103707" startTime="2013-12-03T18:20:23.8375610-06:00" endTime="2013-12-03T18:20:23.8687394-06:00" testType="13cdc9d9-ddb5-4fa4-a97d-d965ccfc6d4b" outcome="Failed" testListId="8c84fa94-04c1-424b-9868-57a2d4851a1d" relativeResultsDirectory="79cfcebb-32dc-4e69-ae13-2478cbf05928" resultType="DataDrivenTest">
      <Counters error="0" failed="3" timeout="0" aborted="0" inconclusive="0" passedButRunAborted="0" notRunnable="0" notExecuted="0" disconnected="0" warning="0" passed="0" completed="0" inProgress="0" pending="0" />
      <InnerResults>
        <UnitTestResult executionId="c039227f-b970-4768-86ee-be7601a33c7f" parentExecutionId="79cfcebb-32dc-4e69-ae13-2478cbf05928" testId="7c90f9c5-18f9-349c-4484-c9fa726f092c" testName="CaducarTurnoTest" computerName="WXP_FGAMEZ" duration="00:00:00.0040110" startTime="2013-12-03T18:20:23.8531502-06:00" endTime="2013-12-03T18:20:23.8531502-06:00" testType="13cdc9d9-ddb5-4fa4-a97d-d965ccfc6d4b" outcome="Failed" testListId="8c84fa94-04c1-424b-9868-57a2d4851a1d" relativeResultsDirectory="79cfcebb-32dc-4e69-ae13-2478cbf05928" dataRowInfo="0" resultType="DataDrivenDataRow">
          <Output>
            <ErrorInfo>
              <Message>El método de prueba Baz.Caja.Turnador.Test.Dao.CjCTTurnosFlowAlternativeTest.CaducarTurnoTest produjo la excepción: 
System.NullReferenceException: Referencia a objeto no establecida como instancia de un objeto.</Message>
              <StackTrace>    en Baz.Caja.Turnador.Test.Dao.CjCTTurnosFlowAlternativeTest.CaducarTurnoTest() en C:\gfb\workspaces\networkspace\CjCRTurnador\CjCRTurnadorTest\test\logic\CjCTTurnosFlowAlternativeTest.cs:línea 108
</StackTrace>
            </ErrorInfo>
          </Output>
        </UnitTestResult>
        <UnitTestResult executionId="e0afb5f1-be73-4e4d-8393-7e6a847d6a66" parentExecutionId="79cfcebb-32dc-4e69-ae13-2478cbf05928" testId="7c90f9c5-18f9-349c-4484-c9fa726f092c" testName="CaducarTurnoTest" computerName="WXP_FGAMEZ" duration="00:00:00.0022355" startTime="2013-12-03T18:20:23.8531502-06:00" endTime="2013-12-03T18:20:23.8531502-06:00" testType="13cdc9d9-ddb5-4fa4-a97d-d965ccfc6d4b" outcome="Failed" testListId="8c84fa94-04c1-424b-9868-57a2d4851a1d" relativeResultsDirectory="79cfcebb-32dc-4e69-ae13-2478cbf05928" dataRowInfo="1" resultType="DataDrivenDataRow">
          <Output>
            <ErrorInfo>
              <Message>El método de prueba Baz.Caja.Turnador.Test.Dao.CjCTTurnosFlowAlternativeTest.CaducarTurnoTest produjo la excepción: 
System.NullReferenceException: Referencia a objeto no establecida como instancia de un objeto.</Message>
              <StackTrace>    en Baz.Caja.Turnador.Test.Dao.CjCTTurnosFlowAlternativeTest.CaducarTurnoTest() en C:\gfb\workspaces\networkspace\CjCRTurnador\CjCRTurnadorTest\test\logic\CjCTTurnosFlowAlternativeTest.cs:línea 108
</StackTrace>
            </ErrorInfo>
          </Output>
        </UnitTestResult>
        <UnitTestResult executionId="196ec635-55ef-4ac6-9685-8cda055657bf" parentExecutionId="79cfcebb-32dc-4e69-ae13-2478cbf05928" testId="7c90f9c5-18f9-349c-4484-c9fa726f092c" testName="CaducarTurnoTest" computerName="WXP_FGAMEZ" duration="00:00:00.0020792" startTime="2013-12-03T18:20:23.8531502-06:00" endTime="2013-12-03T18:20:23.8531502-06:00" testType="13cdc9d9-ddb5-4fa4-a97d-d965ccfc6d4b" outcome="Failed" testListId="8c84fa94-04c1-424b-9868-57a2d4851a1d" relativeResultsDirectory="79cfcebb-32dc-4e69-ae13-2478cbf05928" dataRowInfo="2" resultType="DataDrivenDataRow">
          <Output>
            <ErrorInfo>
              <Message>El método de prueba Baz.Caja.Turnador.Test.Dao.CjCTTurnosFlowAlternativeTest.CaducarTurnoTest produjo la excepción: 
System.NullReferenceException: Referencia a objeto no establecida como instancia de un objeto.</Message>
              <StackTrace>    en Baz.Caja.Turnador.Test.Dao.CjCTTurnosFlowAlternativeTest.CaducarTurnoTest() en C:\gfb\workspaces\networkspace\CjCRTurnador\CjCRTurnadorTest\test\logic\CjCTTurnosFlowAlternativeTest.cs:línea 108
</StackTrace>
            </ErrorInfo>
          </Output>
        </UnitTestResult>
      </InnerResults>
    </UnitTestResult>
    <UnitTestResult executionId="420345e5-6a11-4324-b817-05b37052a3e2" testId="81534639-43c2-b394-d70a-29c369fa3259" testName="CancelarTurnoTest" computerName="WXP_FGAMEZ" duration="00:00:04.5925079" startTime="2013-12-03T18:20:23.8687394-06:00" endTime="2013-12-03T18:20:28.4831426-06:00" testType="13cdc9d9-ddb5-4fa4-a97d-d965ccfc6d4b" outcome="Failed" testListId="8c84fa94-04c1-424b-9868-57a2d4851a1d" relativeResultsDirectory="420345e5-6a11-4324-b817-05b37052a3e2" resultType="DataDrivenTest">
      <Counters error="0" failed="3" timeout="0" aborted="0" inconclusive="0" passedButRunAborted="0" notRunnable="0" notExecuted="0" disconnected="0" warning="0" passed="0" completed="0" inProgress="0" pending="0" />
      <InnerResults>
        <UnitTestResult executionId="bf9d4c05-2e84-4f1d-87b6-ad76f04b1726" parentExecutionId="420345e5-6a11-4324-b817-05b37052a3e2" testId="81534639-43c2-b394-d70a-29c369fa3259" testName="CancelarTurnoTest" computerName="WXP_FGAMEZ" duration="00:00:01.5490887" startTime="2013-12-03T18:20:23.8687394-06:00" endTime="2013-12-03T18:20:25.4120702-06:00" testType="13cdc9d9-ddb5-4fa4-a97d-d965ccfc6d4b" outcome="Failed" testListId="8c84fa94-04c1-424b-9868-57a2d4851a1d" relativeResultsDirectory="420345e5-6a11-4324-b817-05b37052a3e2" dataRowInfo="0" resultType="DataDrivenDataRow">
          <Output>
            <ErrorInfo>
              <Message>Error de Assert.AreEqual. Se esperaba &lt;True&gt;, pero es &lt;False&gt;. Turnos no establecidos como cancelados</Message>
              <StackTrace>   en Baz.Caja.Turnador.Test.Dao.CjCTTurnosFlowAlternativeTest.CancelarTurnoTest() en C:\gfb\workspaces\networkspace\CjCRTurnador\CjCRTurnadorTest\test\logic\CjCTTurnosFlowAlternativeTest.cs:línea 159
</StackTrace>
            </ErrorInfo>
          </Output>
        </UnitTestResult>
        <UnitTestResult executionId="5573bff2-a340-41dc-bbde-a0815a155005" parentExecutionId="420345e5-6a11-4324-b817-05b37052a3e2" testId="81534639-43c2-b394-d70a-29c369fa3259" testName="CancelarTurnoTest" computerName="WXP_FGAMEZ" duration="00:00:01.5055386" startTime="2013-12-03T18:20:25.4120702-06:00" endTime="2013-12-03T18:20:26.9398118-06:00" testType="13cdc9d9-ddb5-4fa4-a97d-d965ccfc6d4b" outcome="Failed" testListId="8c84fa94-04c1-424b-9868-57a2d4851a1d" relativeResultsDirectory="420345e5-6a11-4324-b817-05b37052a3e2" dataRowInfo="1" resultType="DataDrivenDataRow">
          <Output>
            <ErrorInfo>
              <Message>Error de Assert.AreEqual. Se esperaba &lt;True&gt;, pero es &lt;False&gt;. Turnos no establecidos como cancelados</Message>
              <StackTrace>   en Baz.Caja.Turnador.Test.Dao.CjCTTurnosFlowAlternativeTest.CancelarTurnoTest() en C:\gfb\workspaces\networkspace\CjCRTurnador\CjCRTurnadorTest\test\logic\CjCTTurnosFlowAlternativeTest.cs:línea 159
</StackTrace>
            </ErrorInfo>
          </Output>
        </UnitTestResult>
        <UnitTestResult executionId="e16538fa-649f-48eb-a678-09990a3fae28" parentExecutionId="420345e5-6a11-4324-b817-05b37052a3e2" testId="81534639-43c2-b394-d70a-29c369fa3259" testName="CancelarTurnoTest" computerName="WXP_FGAMEZ" duration="00:00:01.5361126" startTime="2013-12-03T18:20:26.9398118-06:00" endTime="2013-12-03T18:20:28.4831426-06:00" testType="13cdc9d9-ddb5-4fa4-a97d-d965ccfc6d4b" outcome="Failed" testListId="8c84fa94-04c1-424b-9868-57a2d4851a1d" relativeResultsDirectory="420345e5-6a11-4324-b817-05b37052a3e2" dataRowInfo="2" resultType="DataDrivenDataRow">
          <Output>
            <ErrorInfo>
              <Message>Error de Assert.AreEqual. Se esperaba &lt;True&gt;, pero es &lt;False&gt;. Turnos no establecidos como cancelados</Message>
              <StackTrace>   en Baz.Caja.Turnador.Test.Dao.CjCTTurnosFlowAlternativeTest.CancelarTurnoTest() en C:\gfb\workspaces\networkspace\CjCRTurnador\CjCRTurnadorTest\test\logic\CjCTTurnosFlowAlternativeTest.cs:línea 159
</StackTrace>
            </ErrorInfo>
          </Output>
        </UnitTestResult>
      </InnerResults>
    </UnitTestResult>
    <UnitTestResult executionId="91e59339-50e3-4178-90a3-2457d306ce46" testId="81885110-5caf-ba2d-5426-09a7cde5d78f" testName="GetPoolByUnidadTest" computerName="WXP_FGAMEZ" duration="00:00:00.0366139" startTime="2013-12-03T18:20:28.4831426-06:00" endTime="2013-12-03T18:20:28.5299102-06:00" testType="13cdc9d9-ddb5-4fa4-a97d-d965ccfc6d4b" outcome="Passed" testListId="8c84fa94-04c1-424b-9868-57a2d4851a1d" relativeResultsDirectory="91e59339-50e3-4178-90a3-2457d306ce46" resultType="DataDrivenTest">
      <Counters error="0" failed="0" timeout="0" aborted="0" inconclusive="0" passedButRunAborted="0" notRunnable="0" notExecuted="0" disconnected="0" warning="0" passed="3" completed="0" inProgress="0" pending="0" />
      <InnerResults>
        <UnitTestResult executionId="51595e2f-ca1d-4ce5-b880-842d3b8d6090" parentExecutionId="91e59339-50e3-4178-90a3-2457d306ce46" testId="81885110-5caf-ba2d-5426-09a7cde5d78f" testName="GetPoolByUnidadTest" computerName="WXP_FGAMEZ" duration="00:00:00.0092552" startTime="2013-12-03T18:20:28.4831426-06:00" endTime="2013-12-03T18:20:28.4987318-06:00" testType="13cdc9d9-ddb5-4fa4-a97d-d965ccfc6d4b" outcome="Passed" testListId="8c84fa94-04c1-424b-9868-57a2d4851a1d" relativeResultsDirectory="91e59339-50e3-4178-90a3-2457d306ce46" dataRowInfo="0" resultType="DataDrivenDataRow" />
        <UnitTestResult executionId="3bc34e9d-0350-4186-96a6-c0743d907376" parentExecutionId="91e59339-50e3-4178-90a3-2457d306ce46" testId="81885110-5caf-ba2d-5426-09a7cde5d78f" testName="GetPoolByUnidadTest" computerName="WXP_FGAMEZ" duration="00:00:00.0184452" startTime="2013-12-03T18:20:28.4987318-06:00" endTime="2013-12-03T18:20:28.5143210-06:00" testType="13cdc9d9-ddb5-4fa4-a97d-d965ccfc6d4b" outcome="Passed" testListId="8c84fa94-04c1-424b-9868-57a2d4851a1d" relativeResultsDirectory="91e59339-50e3-4178-90a3-2457d306ce46" dataRowInfo="1" resultType="DataDrivenDataRow" />
        <UnitTestResult executionId="b6fe9c40-cd0c-4b80-a010-3badf1060c85" parentExecutionId="91e59339-50e3-4178-90a3-2457d306ce46" testId="81885110-5caf-ba2d-5426-09a7cde5d78f" testName="GetPoolByUnidadTest" computerName="WXP_FGAMEZ" duration="00:00:00.0071221" startTime="2013-12-03T18:20:28.5143210-06:00" endTime="2013-12-03T18:20:28.5299102-06:00" testType="13cdc9d9-ddb5-4fa4-a97d-d965ccfc6d4b" outcome="Passed" testListId="8c84fa94-04c1-424b-9868-57a2d4851a1d" relativeResultsDirectory="91e59339-50e3-4178-90a3-2457d306ce46" dataRowInfo="2" resultType="DataDrivenDataRow" />
      </InnerResults>
    </UnitTestResult>
    <UnitTestResult executionId="0549e163-fbf8-4dbd-8635-67ad64aebd60" testId="956c3ffe-c6e4-7e66-7e50-68d4b6ef511d" testName="EstadosTurnoTest" computerName="WXP_FGAMEZ" duration="00:00:00.0014564" startTime="2013-12-03T18:20:28.5299102-06:00" endTime="2013-12-03T18:20:28.6234454-06:00" testType="13cdc9d9-ddb5-4fa4-a97d-d965ccfc6d4b" outcome="Passed" testListId="8c84fa94-04c1-424b-9868-57a2d4851a1d" relativeResultsDirectory="0549e163-fbf8-4dbd-8635-67ad64aebd60">
    </UnitTestResult>
    <UnitTestResult executionId="adff539f-262c-4223-b864-c343da41792b" testId="b0806fa8-b6a7-0b91-2eaf-501afebefbd0" testName="GetPoolByEmpleadoTest" computerName="WXP_FGAMEZ" duration="00:00:00.0329585" startTime="2013-12-03T18:20:28.6234454-06:00" endTime="2013-12-03T18:20:28.6702130-06:00" testType="13cdc9d9-ddb5-4fa4-a97d-d965ccfc6d4b" outcome="Passed" testListId="8c84fa94-04c1-424b-9868-57a2d4851a1d" relativeResultsDirectory="adff539f-262c-4223-b864-c343da41792b" resultType="DataDrivenTest">
      <Counters error="0" failed="0" timeout="0" aborted="0" inconclusive="0" passedButRunAborted="0" notRunnable="0" notExecuted="0" disconnected="0" warning="0" passed="3" completed="0" inProgress="0" pending="0" />
      <InnerResults>
        <UnitTestResult executionId="ec0698e6-f33a-4ca2-a81e-15e5f11cbed5" parentExecutionId="adff539f-262c-4223-b864-c343da41792b" testId="b0806fa8-b6a7-0b91-2eaf-501afebefbd0" testName="GetPoolByEmpleadoTest" computerName="WXP_FGAMEZ" duration="00:00:00.0078217" startTime="2013-12-03T18:20:28.6234454-06:00" endTime="2013-12-03T18:20:28.6390346-06:00" testType="13cdc9d9-ddb5-4fa4-a97d-d965ccfc6d4b" outcome="Passed" testListId="8c84fa94-04c1-424b-9868-57a2d4851a1d" relativeResultsDirectory="adff539f-262c-4223-b864-c343da41792b" dataRowInfo="0" resultType="DataDrivenDataRow" />
        <UnitTestResult executionId="5b42850a-926f-4835-b0a4-92255926c91d" parentExecutionId="adff539f-262c-4223-b864-c343da41792b" testId="b0806fa8-b6a7-0b91-2eaf-501afebefbd0" testName="GetPoolByEmpleadoTest" computerName="WXP_FGAMEZ" duration="00:00:00.0166907" startTime="2013-12-03T18:20:28.6390346-06:00" endTime="2013-12-03T18:20:28.6546238-06:00" testType="13cdc9d9-ddb5-4fa4-a97d-d965ccfc6d4b" outcome="Passed" testListId="8c84fa94-04c1-424b-9868-57a2d4851a1d" relativeResultsDirectory="adff539f-262c-4223-b864-c343da41792b" dataRowInfo="1" resultType="DataDrivenDataRow" />
        <UnitTestResult executionId="fb8e49dc-03f2-4b70-b43e-cfba8ee82158" parentExecutionId="adff539f-262c-4223-b864-c343da41792b" testId="b0806fa8-b6a7-0b91-2eaf-501afebefbd0" testName="GetPoolByEmpleadoTest" computerName="WXP_FGAMEZ" duration="00:00:00.0067959" startTime="2013-12-03T18:20:28.6546238-06:00" endTime="2013-12-03T18:20:28.6546238-06:00" testType="13cdc9d9-ddb5-4fa4-a97d-d965ccfc6d4b" outcome="Passed" testListId="8c84fa94-04c1-424b-9868-57a2d4851a1d" relativeResultsDirectory="adff539f-262c-4223-b864-c343da41792b" dataRowInfo="2" resultType="DataDrivenDataRow" />
      </InnerResults>
    </UnitTestResult>
    <UnitTestResult executionId="7a05e502-43c1-4422-8607-0459ff092b0b" testId="e062c1d9-c339-1cd0-0d22-cd14de58137e" testName="ApropiarTurnoTest" computerName="WXP_FGAMEZ" duration="00:00:04.6345038" startTime="2013-12-03T18:20:28.6702130-06:00" endTime="2013-12-03T18:20:33.3157946-06:00" testType="13cdc9d9-ddb5-4fa4-a97d-d965ccfc6d4b" outcome="Failed" testListId="8c84fa94-04c1-424b-9868-57a2d4851a1d" relativeResultsDirectory="7a05e502-43c1-4422-8607-0459ff092b0b" resultType="DataDrivenTest">
      <Counters error="0" failed="3" timeout="0" aborted="0" inconclusive="0" passedButRunAborted="0" notRunnable="0" notExecuted="0" disconnected="0" warning="0" passed="0" completed="0" inProgress="0" pending="0" />
      <InnerResults>
        <UnitTestResult executionId="dcacff99-6dcb-4f38-8752-559ffed85c0b" parentExecutionId="7a05e502-43c1-4422-8607-0459ff092b0b" testId="e062c1d9-c339-1cd0-0d22-cd14de58137e" testName="ApropiarTurnoTest" computerName="WXP_FGAMEZ" duration="00:00:01.5562989" startTime="2013-12-03T18:20:28.6702130-06:00" endTime="2013-12-03T18:20:30.2291330-06:00" testType="13cdc9d9-ddb5-4fa4-a97d-d965ccfc6d4b" outcome="Failed" testListId="8c84fa94-04c1-424b-9868-57a2d4851a1d" relativeResultsDirectory="7a05e502-43c1-4422-8607-0459ff092b0b" dataRowInfo="0" resultType="DataDrivenDataRow">
          <Output>
            <ErrorInfo>
              <Message>Error de Assert.AreEqual. Se esperaba &lt;True&gt;, pero es &lt;False&gt;. Turno no apropiado no atendido</Message>
              <StackTrace>   en Baz.Caja.Turnador.Test.Dao.CjCTTurnosFlowAlternativeTest.ApropiarTurnoTest() en C:\gfb\workspaces\networkspace\CjCRTurnador\CjCRTurnadorTest\test\logic\CjCTTurnosFlowAlternativeTest.cs:línea 189
</StackTrace>
            </ErrorInfo>
          </Output>
        </UnitTestResult>
        <UnitTestResult executionId="d1407719-7a1a-4d7b-83ae-6a12c1c6dc90" parentExecutionId="7a05e502-43c1-4422-8607-0459ff092b0b" testId="e062c1d9-c339-1cd0-0d22-cd14de58137e" testName="ApropiarTurnoTest" computerName="WXP_FGAMEZ" duration="00:00:01.5323328" startTime="2013-12-03T18:20:30.2291330-06:00" endTime="2013-12-03T18:20:31.7724638-06:00" testType="13cdc9d9-ddb5-4fa4-a97d-d965ccfc6d4b" outcome="Failed" testListId="8c84fa94-04c1-424b-9868-57a2d4851a1d" relativeResultsDirectory="7a05e502-43c1-4422-8607-0459ff092b0b" dataRowInfo="1" resultType="DataDrivenDataRow">
          <Output>
            <ErrorInfo>
              <Message>Error de Assert.AreEqual. Se esperaba &lt;True&gt;, pero es &lt;False&gt;. Turno no apropiado no atendido</Message>
              <StackTrace>   en Baz.Caja.Turnador.Test.Dao.CjCTTurnosFlowAlternativeTest.ApropiarTurnoTest() en C:\gfb\workspaces\networkspace\CjCRTurnador\CjCRTurnadorTest\test\logic\CjCTTurnosFlowAlternativeTest.cs:línea 189
</StackTrace>
            </ErrorInfo>
          </Output>
        </UnitTestResult>
        <UnitTestResult executionId="9330ebd2-5e69-47cb-a430-1b30085798c0" parentExecutionId="7a05e502-43c1-4422-8607-0459ff092b0b" testId="e062c1d9-c339-1cd0-0d22-cd14de58137e" testName="ApropiarTurnoTest" computerName="WXP_FGAMEZ" duration="00:00:01.5426737" startTime="2013-12-03T18:20:31.7724638-06:00" endTime="2013-12-03T18:20:33.3157946-06:00" testType="13cdc9d9-ddb5-4fa4-a97d-d965ccfc6d4b" outcome="Failed" testListId="8c84fa94-04c1-424b-9868-57a2d4851a1d" relativeResultsDirectory="7a05e502-43c1-4422-8607-0459ff092b0b" dataRowInfo="2" resultType="DataDrivenDataRow">
          <Output>
            <ErrorInfo>
              <Message>Error de Assert.AreEqual. Se esperaba &lt;True&gt;, pero es &lt;False&gt;. Turno no apropiado no atendido</Message>
              <StackTrace>   en Baz.Caja.Turnador.Test.Dao.CjCTTurnosFlowAlternativeTest.ApropiarTurnoTest() en C:\gfb\workspaces\networkspace\CjCRTurnador\CjCRTurnadorTest\test\logic\CjCTTurnosFlowAlternativeTest.cs:línea 189
</StackTrace>
            </ErrorInfo>
          </Output>
        </UnitTestResult>
      </InnerResults>
    </UnitTestResult>
    <UnitTestResult executionId="169cb611-c3d6-4708-a88c-61d4778c8049" testId="e922963d-cab3-cc10-54f9-f26345bc90f5" testName="GetUnidadesNegocioTest" computerName="WXP_FGAMEZ" duration="00:00:00.0062197" startTime="2013-12-03T18:20:33.3157946-06:00" endTime="2013-12-03T18:20:33.4093298-06:00" testType="13cdc9d9-ddb5-4fa4-a97d-d965ccfc6d4b" outcome="Passed" testListId="8c84fa94-04c1-424b-9868-57a2d4851a1d" relativeResultsDirectory="169cb611-c3d6-4708-a88c-61d4778c8049">
    </UnitTestResult>
    <UnitTestResult executionId="83581207-614b-49fc-b6c5-7929f6b1f418" testId="efd65196-5e68-8890-9fe9-3307e97f2e4d" testName="EstadosAtencionTest" computerName="WXP_FGAMEZ" duration="00:00:00.0010339" startTime="2013-12-03T18:20:33.4093298-06:00" endTime="2013-12-03T18:20:33.4093298-06:00" testType="13cdc9d9-ddb5-4fa4-a97d-d965ccfc6d4b" outcome="Passed" testListId="8c84fa94-04c1-424b-9868-57a2d4851a1d" relativeResultsDirectory="83581207-614b-49fc-b6c5-7929f6b1f418">
    </UnitTestResult>
  </Results>
</TestRun>