<?xml version="1.0" encoding="UTF-8"?>
<TestRun id="5678703f-bc65-40e1-ad7e-4be9a1a09b78" name="B859390@WXP_FGAMEZ 2013-12-03 16:38:35" runUser="BANCOAZTECA\B859390" xmlns="http://microsoft.com/schemas/VisualStudio/TeamTest/2010">
  <TestSettings name="Local" id="de653c0a-5f0b-4dcc-aa03-7cc115229a2f">
    <Description>Esta es la configuración de pruebas predeterminada para una ejecución de pruebas local.</Description>
    <Deployment userDeploymentRoot="C:\gfb\workspaces\networkspace\CjCRTurnador\TestResults" useDefaultDeploymentRoot="false" enabled="false" runDeploymentRoot="B859390_WXP_FGAMEZ 2013-12-03 16_38_35">
      <DeploymentItem filename="C:\gfb\distribuciones\Spring.NET\bin\net\3.5\release\Spring.Data.dll" />
      <DeploymentItem filename="C:\gfb\workspaces\networkspace\CjCRBAZCommons\CjCRBAZCommons\bin\Debug\Baz.Caja.Commons.dll" />
      <DeploymentItem filename="C:\gfb\distribuciones\Spring.NET\bin\net\3.5\release\Spring.Aop.dll" />
      <DeploymentItem filename="C:\gfb\distribuciones\Spring.NET\bin\net\3.5\release\Spring.Core.dll" />
      <DeploymentItem filename="C:\gfb\distribuciones\Spring.NET\bin\net\3.5\release\Common.Logging.dll" />
      <DeploymentItem filename="C:\gfb\workspaces\networkspace\CjCRTurnador\CjCRTurnador\bin\Baz.Caja.Turnador.dll" />
    </Deployment>
    <Execution>
      <TestTypeSpecific />
      <AgentRule name="Execution Agents">
      </AgentRule>
    </Execution>
  </TestSettings>
  <Times creation="2013-12-03T16:38:35.9757248-06:00" queuing="2013-12-03T16:38:35.9913300-06:00" start="2013-12-03T16:38:36.0069352-06:00" finish="2013-12-03T16:38:41.6872280-06:00" />
  <ResultSummary outcome="Completed">
    <Counters total="4" executed="4" passed="4" error="0" failed="0" timeout="0" aborted="0" inconclusive="0" passedButRunAborted="0" notRunnable="0" notExecuted="0" disconnected="0" warning="0" completed="0" inProgress="0" pending="0" />
    <Output>
      <DebugTrace>no configuration section &lt;common/logging&gt; found - suppressing logging output
</DebugTrace>
    </Output>
  </ResultSummary>
  <TestDefinitions>
    <UnitTest name="AtencionTurnoTest" storage="c:\gfb\workspaces\networkspace\cjcrturnador\cjcrturnadortest\bin\debug\baz.caja.turnador.test.dll" id="1188d32c-bbab-11d9-6b58-83f385a626bd">
      <Execution id="d62f675d-7347-428d-91b1-2da2b16e2251" />
      <TestMethod codeBase="C:/gfb/workspaces/networkspace/CjCRTurnador/CjCRTurnadorTest/bin/Debug/Baz.Caja.Turnador.Test.DLL" adapterTypeName="Microsoft.VisualStudio.TestTools.TestTypes.Unit.UnitTestAdapter, Microsoft.VisualStudio.QualityTools.Tips.UnitTest.Adapter, Version=10.0.0.0, Culture=neutral, PublicKeyToken=b03f5f7f11d50a3a" className="Baz.Caja.Turnador.Test.Dao.CjCRTurnosFlowBasicTest, Baz.Caja.Turnador.Test, Version=1.0.0.0, Culture=neutral, PublicKeyToken=null" name="AtencionTurnoTest" />
      <DataSource connectionString="|DataDirectory|\resource\datasource\TurnoTest.xml" providerInvariantName="Microsoft.VisualStudio.TestTools.DataSource.XML" tableName="entrada" />
    </UnitTest>
  </TestDefinitions>
  <TestLists>
    <TestList name="Resultados que no están en la lista" id="8c84fa94-04c1-424b-9868-57a2d4851a1d" />
    <TestList name="Todos los resultados cargados" id="19431567-8539-422a-85d7-44ee4e166bda" />
  </TestLists>
  <TestEntries>
    <TestEntry testId="1188d32c-bbab-11d9-6b58-83f385a626bd" executionId="d62f675d-7347-428d-91b1-2da2b16e2251" testListId="8c84fa94-04c1-424b-9868-57a2d4851a1d" />
  </TestEntries>
  <Results>
    <UnitTestResult executionId="d62f675d-7347-428d-91b1-2da2b16e2251" testId="1188d32c-bbab-11d9-6b58-83f385a626bd" testName="AtencionTurnoTest" computerName="WXP_FGAMEZ" duration="00:00:04.7956018" startTime="2013-12-03T16:38:36.0069352-06:00" endTime="2013-12-03T16:38:41.6560176-06:00" testType="13cdc9d9-ddb5-4fa4-a97d-d965ccfc6d4b" outcome="Passed" testListId="8c84fa94-04c1-424b-9868-57a2d4851a1d" relativeResultsDirectory="d62f675d-7347-428d-91b1-2da2b16e2251" resultType="DataDrivenTest">
      <Counters error="0" failed="0" timeout="0" aborted="0" inconclusive="0" passedButRunAborted="0" notRunnable="0" notExecuted="0" disconnected="0" warning="0" passed="3" completed="0" inProgress="0" pending="0" />
      <InnerResults>
        <UnitTestResult executionId="7966e258-84b9-4726-9f8c-2ca4dad17ec4" parentExecutionId="d62f675d-7347-428d-91b1-2da2b16e2251" testId="1188d32c-bbab-11d9-6b58-83f385a626bd" testName="AtencionTurnoTest" computerName="WXP_FGAMEZ" duration="00:00:01.6391858" startTime="2013-12-03T16:38:36.8496160-06:00" endTime="2013-12-03T16:38:38.4881620-06:00" testType="13cdc9d9-ddb5-4fa4-a97d-d965ccfc6d4b" outcome="Passed" testListId="8c84fa94-04c1-424b-9868-57a2d4851a1d" relativeResultsDirectory="d62f675d-7347-428d-91b1-2da2b16e2251" dataRowInfo="0" resultType="DataDrivenDataRow" />
        <UnitTestResult executionId="2cb03a9f-278f-46dd-9166-8f8f48eb0563" parentExecutionId="d62f675d-7347-428d-91b1-2da2b16e2251" testId="1188d32c-bbab-11d9-6b58-83f385a626bd" testName="AtencionTurnoTest" computerName="WXP_FGAMEZ" duration="00:00:01.5588465" startTime="2013-12-03T16:38:38.4881620-06:00" endTime="2013-12-03T16:38:40.0486820-06:00" testType="13cdc9d9-ddb5-4fa4-a97d-d965ccfc6d4b" outcome="Passed" testListId="8c84fa94-04c1-424b-9868-57a2d4851a1d" relativeResultsDirectory="d62f675d-7347-428d-91b1-2da2b16e2251" dataRowInfo="1" resultType="DataDrivenDataRow" />
        <UnitTestResult executionId="6a912c77-a289-4883-878d-44472f1bc22d" parentExecutionId="d62f675d-7347-428d-91b1-2da2b16e2251" testId="1188d32c-bbab-11d9-6b58-83f385a626bd" testName="AtencionTurnoTest" computerName="WXP_FGAMEZ" duration="00:00:01.5800692" startTime="2013-12-03T16:38:40.0486820-06:00" endTime="2013-12-03T16:38:41.6248072-06:00" testType="13cdc9d9-ddb5-4fa4-a97d-d965ccfc6d4b" outcome="Passed" testListId="8c84fa94-04c1-424b-9868-57a2d4851a1d" relativeResultsDirectory="d62f675d-7347-428d-91b1-2da2b16e2251" dataRowInfo="2" resultType="DataDrivenDataRow" />
      </InnerResults>
    </UnitTestResult>
  </Results>
</TestRun>