<?xml version="1.0" encoding="UTF-8"?>
<TestRun id="aaed5930-c0b4-4d31-8e3b-e7ff7817cab4" name="B859390@WXP_FGAMEZ 2013-12-03 18:27:28" runUser="BANCOAZTECA\B859390" xmlns="http://microsoft.com/schemas/VisualStudio/TeamTest/2010">
  <TestSettings name="Local" id="de653c0a-5f0b-4dcc-aa03-7cc115229a2f">
    <Description>Esta es la configuración de pruebas predeterminada para una ejecución de pruebas local.</Description>
    <Deployment enabled="false" runDeploymentRoot="B859390_WXP_FGAMEZ 2013-12-03 18_27_28">
      <DeploymentItem filename="C:\gfb\distribuciones\Spring.NET\bin\net\3.5\release\Spring.Data.dll" />
      <DeploymentItem filename="C:\gfb\workspaces\networkspace\CjCRBAZCommons\CjCRBAZCommons\bin\Debug\Baz.Caja.Commons.dll" />
      <DeploymentItem filename="C:\gfb\distribuciones\Spring.NET\bin\net\3.5\release\Spring.Aop.dll" />
      <DeploymentItem filename="C:\gfb\distribuciones\Spring.NET\bin\net\3.5\release\Spring.Core.dll" />
      <DeploymentItem filename="C:\gfb\distribuciones\Spring.NET\bin\net\3.5\release\Common.Logging.dll" />
      <DeploymentItem filename="C:\gfb\workspaces\networkspace\CjCRTurnador\CjCRTurnador\bin\Baz.Caja.Turnador.dll" />
    </Deployment>
    <Execution>
      <TestTypeSpecific />
      <AgentRule name="Execution Agents">
      </AgentRule>
    </Execution>
  </TestSettings>
  <Times creation="2013-12-03T18:27:28.1288174-06:00" queuing="2013-12-03T18:27:28.1599958-06:00" start="2013-12-03T18:27:28.1755850-06:00" finish="2013-12-03T18:27:48.8780426-06:00" />
  <ResultSummary outcome="Failed">
    <Counters total="54" executed="54" passed="38" error="0" failed="16" timeout="0" aborted="0" inconclusive="0" passedButRunAborted="0" notRunnable="0" notExecuted="0" disconnected="0" warning="0" completed="0" inProgress="0" pending="0" />
    <Output>
      <DebugTrace>no configuration section &lt;common/logging&gt; found - suppressing logging output
</DebugTrace>
    </Output>
  </ResultSummary>
  <TestDefinitions>
    <UnitTest name="GetPoolByUnidadTest" storage="c:\gfb\workspaces\networkspace\cjcrturnador\cjcrturnadortest\bin\debug\baz.caja.turnador.test.dll" id="81885110-5caf-ba2d-5426-09a7cde5d78f">
      <Execution id="b132658b-f692-435a-bdf0-5fb1309bab84" />
      <TestMethod codeBase="C:/gfb/workspaces/networkspace/CjCRTurnador/CjCRTurnadorTest/bin/Debug/Baz.Caja.Turnador.Test.DLL" adapterTypeName="Microsoft.VisualStudio.TestTools.TestTypes.Unit.UnitTestAdapter, Microsoft.VisualStudio.QualityTools.Tips.UnitTest.Adapter, Version=10.0.0.0, Culture=neutral, PublicKeyToken=b03f5f7f11d50a3a" className="Baz.Caja.Turnador.Test.Dao.CjCTPoolFlowTest, Baz.Caja.Turnador.Test, Version=1.0.0.0, Culture=neutral, PublicKeyToken=null" name="GetPoolByUnidadTest" />
      <DataSource connectionString="|DataDirectory|\resource\datasource\TurnoTest.xml" providerInvariantName="Microsoft.VisualStudio.TestTools.DataSource.XML" tableName="entrada" />
    </UnitTest>
    <UnitTest name="CancelarTurnoTest" storage="c:\gfb\workspaces\networkspace\cjcrturnador\cjcrturnadortest\bin\debug\baz.caja.turnador.test.dll" id="81534639-43c2-b394-d70a-29c369fa3259">
      <Execution id="ff929d9e-93ce-40b9-8643-a72ce483b665" />
      <TestMethod codeBase="C:/gfb/workspaces/networkspace/CjCRTurnador/CjCRTurnadorTest/bin/Debug/Baz.Caja.Turnador.Test.DLL" adapterTypeName="Microsoft.VisualStudio.TestTools.TestTypes.Unit.UnitTestAdapter, Microsoft.VisualStudio.QualityTools.Tips.UnitTest.Adapter, Version=10.0.0.0, Culture=neutral, PublicKeyToken=b03f5f7f11d50a3a" className="Baz.Caja.Turnador.Test.Dao.CjCTTurnosFlowAlternativeTest, Baz.Caja.Turnador.Test, Version=1.0.0.0, Culture=neutral, PublicKeyToken=null" name="CancelarTurnoTest" />
      <DataSource connectionString="|DataDirectory|\resource\datasource\TurnoTest.xml" providerInvariantName="Microsoft.VisualStudio.TestTools.DataSource.XML" tableName="entrada" />
    </UnitTest>
    <UnitTest name="GetPoolByEmpleadoTest" storage="c:\gfb\workspaces\networkspace\cjcrturnador\cjcrturnadortest\bin\debug\baz.caja.turnador.test.dll" id="b0806fa8-b6a7-0b91-2eaf-501afebefbd0">
      <Execution id="5858ccd0-506c-4bc7-bd52-00b2e10a7470" />
      <TestMethod codeBase="C:/gfb/workspaces/networkspace/CjCRTurnador/CjCRTurnadorTest/bin/Debug/Baz.Caja.Turnador.Test.DLL" adapterTypeName="Microsoft.VisualStudio.TestTools.TestTypes.Unit.UnitTestAdapter, Microsoft.VisualStudio.QualityTools.Tips.UnitTest.Adapter, Version=10.0.0.0, Culture=neutral, PublicKeyToken=b03f5f7f11d50a3a" className="Baz.Caja.Turnador.Test.Dao.CjCTPoolFlowTest, Baz.Caja.Turnador.Test, Version=1.0.0.0, Culture=neutral, PublicKeyToken=null" name="GetPoolByEmpleadoTest" />
      <DataSource connectionString="|DataDirectory|\resource\datasource\TurnoTest.xml" providerInvariantName="Microsoft.VisualStudio.TestTools.DataSource.XML" tableName="entrada" />
    </UnitTest>
    <UnitTest name="AtenderVirtualTest" storage="c:\gfb\workspaces\networkspace\cjcrturnador\cjcrturnadortest\bin\debug\baz.caja.turnador.test.dll" id="7184f34c-99d0-b6e9-7b20-e35849e84b78">
      <Execution id="ea7772ec-103b-4644-86bf-023e36ef2ed2" />
      <TestMethod codeBase="C:/gfb/workspaces/networkspace/CjCRTurnador/CjCRTurnadorTest/bin/Debug/Baz.Caja.Turnador.Test.DLL" adapterTypeName="Microsoft.VisualStudio.TestTools.TestTypes.Unit.UnitTestAdapter, Microsoft.VisualStudio.QualityTools.Tips.UnitTest.Adapter, Version=10.0.0.0, Culture=neutral, PublicKeyToken=b03f5f7f11d50a3a" className="Baz.Caja.Turnador.Test.Dao.CjCTTurnosFlowAlternativeTest, Baz.Caja.Turnador.Test, Version=1.0.0.0, Culture=neutral, PublicKeyToken=null" name="AtenderVirtualTest" />
      <DataSource connectionString="|DataDirectory|\resource\datasource\TurnoTest.xml" providerInvariantName="Microsoft.VisualStudio.TestTools.DataSource.XML" tableName="entrada" />
    </UnitTest>
    <UnitTest name="AtencionTurnoTest" storage="c:\gfb\workspaces\networkspace\cjcrturnador\cjcrturnadortest\bin\debug\baz.caja.turnador.test.dll" id="0f891f1d-cc71-73e9-d31f-0323be873eb1">
      <Execution id="909d8d79-66cb-44f3-9e68-c97b0383dd41" />
      <TestMethod codeBase="C:/gfb/workspaces/networkspace/CjCRTurnador/CjCRTurnadorTest/bin/Debug/Baz.Caja.Turnador.Test.DLL" adapterTypeName="Microsoft.VisualStudio.TestTools.TestTypes.Unit.UnitTestAdapter, Microsoft.VisualStudio.QualityTools.Tips.UnitTest.Adapter, Version=10.0.0.0, Culture=neutral, PublicKeyToken=b03f5f7f11d50a3a" className="Baz.Caja.Turnador.Test.Dao.CjCTTurnosFlowBasicTest, Baz.Caja.Turnador.Test, Version=1.0.0.0, Culture=neutral, PublicKeyToken=null" name="AtencionTurnoTest" />
      <DataSource connectionString="|DataDirectory|\resource\datasource\TurnoTest.xml" providerInvariantName="Microsoft.VisualStudio.TestTools.DataSource.XML" tableName="entrada" />
    </UnitTest>
    <UnitTest name="GetUnidadesNegocioTest" storage="c:\gfb\workspaces\networkspace\cjcrturnador\cjcrturnadortest\bin\debug\baz.caja.turnador.test.dll" id="e922963d-cab3-cc10-54f9-f26345bc90f5">
      <Execution id="62cca593-3af1-43a5-91ce-d7c1de4a6d3e" />
      <TestMethod codeBase="C:/gfb/workspaces/networkspace/CjCRTurnador/CjCRTurnadorTest/bin/Debug/Baz.Caja.Turnador.Test.DLL" adapterTypeName="Microsoft.VisualStudio.TestTools.TestTypes.Unit.UnitTestAdapter, Microsoft.VisualStudio.QualityTools.Tips.UnitTest.Adapter, Version=10.0.0.0, Culture=neutral, PublicKeyToken=b03f5f7f11d50a3a" className="Baz.Caja.Turnador.Test.Dao.CjCTNegocioFlowTest, Baz.Caja.Turnador.Test, Version=1.0.0.0, Culture=neutral, PublicKeyToken=null" name="GetUnidadesNegocioTest" />
    </UnitTest>
    <UnitTest name="GetTurnosEstadoTest" storage="c:\gfb\workspaces\networkspace\cjcrturnador\cjcrturnadortest\bin\debug\baz.caja.turnador.test.dll" id="240e14ec-c5e8-54e9-7d6b-03bf27d9fd9b">
      <Execution id="354173d4-71ed-4865-a293-3ecc0088e5c6" />
      <TestMethod codeBase="C:/gfb/workspaces/networkspace/CjCRTurnador/CjCRTurnadorTest/bin/Debug/Baz.Caja.Turnador.Test.DLL" adapterTypeName="Microsoft.VisualStudio.TestTools.TestTypes.Unit.UnitTestAdapter, Microsoft.VisualStudio.QualityTools.Tips.UnitTest.Adapter, Version=10.0.0.0, Culture=neutral, PublicKeyToken=b03f5f7f11d50a3a" className="Baz.Caja.Turnador.Test.Dao.CjCTTurnosFlowBasicTest, Baz.Caja.Turnador.Test, Version=1.0.0.0, Culture=neutral, PublicKeyToken=null" name="GetTurnosEstadoTest" />
      <DataSource connectionString="|DataDirectory|\resource\datasource\TurnoTest.xml" providerInvariantName="Microsoft.VisualStudio.TestTools.DataSource.XML" tableName="entrada" />
    </UnitTest>
    <UnitTest name="GetTurnosAsignadosTest" storage="c:\gfb\workspaces\networkspace\cjcrturnador\cjcrturnadortest\bin\debug\baz.caja.turnador.test.dll" id="169bcf0f-6d98-97b6-956b-7db1e923fb22">
      <Execution id="253a87a9-6306-4466-b7df-7fe85d9ac9d9" />
      <TestMethod codeBase="C:/gfb/workspaces/networkspace/CjCRTurnador/CjCRTurnadorTest/bin/Debug/Baz.Caja.Turnador.Test.DLL" adapterTypeName="Microsoft.VisualStudio.TestTools.TestTypes.Unit.UnitTestAdapter, Microsoft.VisualStudio.QualityTools.Tips.UnitTest.Adapter, Version=10.0.0.0, Culture=neutral, PublicKeyToken=b03f5f7f11d50a3a" className="Baz.Caja.Turnador.Test.Dao.CjCTTurnosFlowBasicTest, Baz.Caja.Turnador.Test, Version=1.0.0.0, Culture=neutral, PublicKeyToken=null" name="GetTurnosAsignadosTest" />
      <DataSource connectionString="|DataDirectory|\resource\datasource\TurnoTest.xml" providerInvariantName="Microsoft.VisualStudio.TestTools.DataSource.XML" tableName="entrada" />
    </UnitTest>
    <UnitTest name="SetEstadoAtencionTest" storage="c:\gfb\workspaces\networkspace\cjcrturnador\cjcrturnadortest\bin\debug\baz.caja.turnador.test.dll" id="5c4a225e-2177-2cf6-d984-09e99a1f0ffe">
      <Execution id="858a036c-c372-4125-acc7-3e3924c94685" />
      <TestMethod codeBase="C:/gfb/workspaces/networkspace/CjCRTurnador/CjCRTurnadorTest/bin/Debug/Baz.Caja.Turnador.Test.DLL" adapterTypeName="Microsoft.VisualStudio.TestTools.TestTypes.Unit.UnitTestAdapter, Microsoft.VisualStudio.QualityTools.Tips.UnitTest.Adapter, Version=10.0.0.0, Culture=neutral, PublicKeyToken=b03f5f7f11d50a3a" className="Baz.Caja.Turnador.Test.Dao.CjCTPoolFlowTest, Baz.Caja.Turnador.Test, Version=1.0.0.0, Culture=neutral, PublicKeyToken=null" name="SetEstadoAtencionTest" />
      <DataSource connectionString="|DataDirectory|\resource\datasource\EmpleadoPoolTest.xml" providerInvariantName="Microsoft.VisualStudio.TestTools.DataSource.XML" tableName="entrada" />
    </UnitTest>
    <UnitTest name="EstadosTurnoTest" storage="c:\gfb\workspaces\networkspace\cjcrturnador\cjcrturnadortest\bin\debug\baz.caja.turnador.test.dll" id="956c3ffe-c6e4-7e66-7e50-68d4b6ef511d">
      <Execution id="203c6e8d-d7a5-4c62-80d0-ee93986f74c6" />
      <TestMethod codeBase="C:/gfb/workspaces/networkspace/CjCRTurnador/CjCRTurnadorTest/bin/Debug/Baz.Caja.Turnador.Test.DLL" adapterTypeName="Microsoft.VisualStudio.TestTools.TestTypes.Unit.UnitTestAdapter, Microsoft.VisualStudio.QualityTools.Tips.UnitTest.Adapter, Version=10.0.0.0, Culture=neutral, PublicKeyToken=b03f5f7f11d50a3a" className="Baz.Caja.Turnador.Test.Support.CjCTAppConfigTest, Baz.Caja.Turnador.Test, Version=1.0.0.0, Culture=neutral, PublicKeyToken=null" name="EstadosTurnoTest" />
    </UnitTest>
    <UnitTest name="GetPoolAtencionTest" storage="c:\gfb\workspaces\networkspace\cjcrturnador\cjcrturnadortest\bin\debug\baz.caja.turnador.test.dll" id="3826561d-a665-30f8-05d1-4db104734951">
      <Execution id="74a2e6d5-0714-486e-8be1-d6e2c85da462" />
      <TestMethod codeBase="C:/gfb/workspaces/networkspace/CjCRTurnador/CjCRTurnadorTest/bin/Debug/Baz.Caja.Turnador.Test.DLL" adapterTypeName="Microsoft.VisualStudio.TestTools.TestTypes.Unit.UnitTestAdapter, Microsoft.VisualStudio.QualityTools.Tips.UnitTest.Adapter, Version=10.0.0.0, Culture=neutral, PublicKeyToken=b03f5f7f11d50a3a" className="Baz.Caja.Turnador.Test.Dao.CjCTPoolFlowTest, Baz.Caja.Turnador.Test, Version=1.0.0.0, Culture=neutral, PublicKeyToken=null" name="GetPoolAtencionTest" />
      <DataSource connectionString="|DataDirectory|\resource\datasource\TurnoTest.xml" providerInvariantName="Microsoft.VisualStudio.TestTools.DataSource.XML" tableName="entrada" />
    </UnitTest>
    <UnitTest name="GenerarTurnoTest" storage="c:\gfb\workspaces\networkspace\cjcrturnador\cjcrturnadortest\bin\debug\baz.caja.turnador.test.dll" id="0c6bd91c-6818-d256-addf-da9900ca297f">
      <Execution id="e5a52675-6c59-4f60-aa66-c4bef8d009e0" />
      <TestMethod codeBase="C:/gfb/workspaces/networkspace/CjCRTurnador/CjCRTurnadorTest/bin/Debug/Baz.Caja.Turnador.Test.DLL" adapterTypeName="Microsoft.VisualStudio.TestTools.TestTypes.Unit.UnitTestAdapter, Microsoft.VisualStudio.QualityTools.Tips.UnitTest.Adapter, Version=10.0.0.0, Culture=neutral, PublicKeyToken=b03f5f7f11d50a3a" className="Baz.Caja.Turnador.Test.Dao.CjCTTurnosFlowBasicTest, Baz.Caja.Turnador.Test, Version=1.0.0.0, Culture=neutral, PublicKeyToken=null" name="GenerarTurnoTest" />
      <DataSource connectionString="|DataDirectory|\resource\datasource\TurnoTest.xml" providerInvariantName="Microsoft.VisualStudio.TestTools.DataSource.XML" tableName="entrada" />
    </UnitTest>
    <UnitTest name="CaducarTurnoTest" storage="c:\gfb\workspaces\networkspace\cjcrturnador\cjcrturnadortest\bin\debug\baz.caja.turnador.test.dll" id="7c90f9c5-18f9-349c-4484-c9fa726f092c">
      <Execution id="e09ba450-28c3-4ab2-860e-f8d33be70935" />
      <TestMethod codeBase="C:/gfb/workspaces/networkspace/CjCRTurnador/CjCRTurnadorTest/bin/Debug/Baz.Caja.Turnador.Test.DLL" adapterTypeName="Microsoft.VisualStudio.TestTools.TestTypes.Unit.UnitTestAdapter, Microsoft.VisualStudio.QualityTools.Tips.UnitTest.Adapter, Version=10.0.0.0, Culture=neutral, PublicKeyToken=b03f5f7f11d50a3a" className="Baz.Caja.Turnador.Test.Dao.CjCTTurnosFlowAlternativeTest, Baz.Caja.Turnador.Test, Version=1.0.0.0, Culture=neutral, PublicKeyToken=null" name="CaducarTurnoTest" />
      <DataSource connectionString="|DataDirectory|\resource\datasource\TurnoTest.xml" providerInvariantName="Microsoft.VisualStudio.TestTools.DataSource.XML" tableName="entrada" />
    </UnitTest>
    <UnitTest name="EstadosAtencionTest" storage="c:\gfb\workspaces\networkspace\cjcrturnador\cjcrturnadortest\bin\debug\baz.caja.turnador.test.dll" id="efd65196-5e68-8890-9fe9-3307e97f2e4d">
      <Execution id="20ab2158-9e50-4c9a-83ee-cef9b722e2ca" />
      <TestMethod codeBase="C:/gfb/workspaces/networkspace/CjCRTurnador/CjCRTurnadorTest/bin/Debug/Baz.Caja.Turnador.Test.DLL" adapterTypeName="Microsoft.VisualStudio.TestTools.TestTypes.Unit.UnitTestAdapter, Microsoft.VisualStudio.QualityTools.Tips.UnitTest.Adapter, Version=10.0.0.0, Culture=neutral, PublicKeyToken=b03f5f7f11d50a3a" className="Baz.Caja.Turnador.Test.Support.CjCTAppConfigTest, Baz.Caja.Turnador.Test, Version=1.0.0.0, Culture=neutral, PublicKeyToken=null" name="EstadosAtencionTest" />
    </UnitTest>
    <UnitTest name="ApropiarTurnoTest" storage="c:\gfb\workspaces\networkspace\cjcrturnador\cjcrturnadortest\bin\debug\baz.caja.turnador.test.dll" id="e062c1d9-c339-1cd0-0d22-cd14de58137e">
      <Execution id="11f19de5-1aa3-4ce9-bfe8-9d73942ab975" />
      <TestMethod codeBase="C:/gfb/workspaces/networkspace/CjCRTurnador/CjCRTurnadorTest/bin/Debug/Baz.Caja.Turnador.Test.DLL" adapterTypeName="Microsoft.VisualStudio.TestTools.TestTypes.Unit.UnitTestAdapter, Microsoft.VisualStudio.QualityTools.Tips.UnitTest.Adapter, Version=10.0.0.0, Culture=neutral, PublicKeyToken=b03f5f7f11d50a3a" className="Baz.Caja.Turnador.Test.Dao.CjCTTurnosFlowAlternativeTest, Baz.Caja.Turnador.Test, Version=1.0.0.0, Culture=neutral, PublicKeyToken=null" name="ApropiarTurnoTest" />
      <DataSource connectionString="|DataDirectory|\resource\datasource\TurnoApropiadoTest.xml" providerInvariantName="Microsoft.VisualStudio.TestTools.DataSource.XML" tableName="entrada" />
    </UnitTest>
  </TestDefinitions>
  <TestLists>
    <TestList name="Resultados que no están en la lista" id="8c84fa94-04c1-424b-9868-57a2d4851a1d" />
    <TestList name="Todos los resultados cargados" id="19431567-8539-422a-85d7-44ee4e166bda" />
  </TestLists>
  <TestEntries>
    <TestEntry testId="0c6bd91c-6818-d256-addf-da9900ca297f" executionId="e5a52675-6c59-4f60-aa66-c4bef8d009e0" testListId="8c84fa94-04c1-424b-9868-57a2d4851a1d" />
    <TestEntry testId="0f891f1d-cc71-73e9-d31f-0323be873eb1" executionId="909d8d79-66cb-44f3-9e68-c97b0383dd41" testListId="8c84fa94-04c1-424b-9868-57a2d4851a1d" />
    <TestEntry testId="169bcf0f-6d98-97b6-956b-7db1e923fb22" executionId="253a87a9-6306-4466-b7df-7fe85d9ac9d9" testListId="8c84fa94-04c1-424b-9868-57a2d4851a1d" />
    <TestEntry testId="240e14ec-c5e8-54e9-7d6b-03bf27d9fd9b" executionId="354173d4-71ed-4865-a293-3ecc0088e5c6" testListId="8c84fa94-04c1-424b-9868-57a2d4851a1d" />
    <TestEntry testId="3826561d-a665-30f8-05d1-4db104734951" executionId="74a2e6d5-0714-486e-8be1-d6e2c85da462" testListId="8c84fa94-04c1-424b-9868-57a2d4851a1d" />
    <TestEntry testId="5c4a225e-2177-2cf6-d984-09e99a1f0ffe" executionId="858a036c-c372-4125-acc7-3e3924c94685" testListId="8c84fa94-04c1-424b-9868-57a2d4851a1d" />
    <TestEntry testId="7184f34c-99d0-b6e9-7b20-e35849e84b78" executionId="ea7772ec-103b-4644-86bf-023e36ef2ed2" testListId="8c84fa94-04c1-424b-9868-57a2d4851a1d" />
    <TestEntry testId="7c90f9c5-18f9-349c-4484-c9fa726f092c" executionId="e09ba450-28c3-4ab2-860e-f8d33be70935" testListId="8c84fa94-04c1-424b-9868-57a2d4851a1d" />
    <TestEntry testId="81534639-43c2-b394-d70a-29c369fa3259" executionId="ff929d9e-93ce-40b9-8643-a72ce483b665" testListId="8c84fa94-04c1-424b-9868-57a2d4851a1d" />
    <TestEntry testId="81885110-5caf-ba2d-5426-09a7cde5d78f" executionId="b132658b-f692-435a-bdf0-5fb1309bab84" testListId="8c84fa94-04c1-424b-9868-57a2d4851a1d" />
    <TestEntry testId="956c3ffe-c6e4-7e66-7e50-68d4b6ef511d" executionId="203c6e8d-d7a5-4c62-80d0-ee93986f74c6" testListId="8c84fa94-04c1-424b-9868-57a2d4851a1d" />
    <TestEntry testId="b0806fa8-b6a7-0b91-2eaf-501afebefbd0" executionId="5858ccd0-506c-4bc7-bd52-00b2e10a7470" testListId="8c84fa94-04c1-424b-9868-57a2d4851a1d" />
    <TestEntry testId="e062c1d9-c339-1cd0-0d22-cd14de58137e" executionId="11f19de5-1aa3-4ce9-bfe8-9d73942ab975" testListId="8c84fa94-04c1-424b-9868-57a2d4851a1d" />
    <TestEntry testId="e922963d-cab3-cc10-54f9-f26345bc90f5" executionId="62cca593-3af1-43a5-91ce-d7c1de4a6d3e" testListId="8c84fa94-04c1-424b-9868-57a2d4851a1d" />
    <TestEntry testId="efd65196-5e68-8890-9fe9-3307e97f2e4d" executionId="20ab2158-9e50-4c9a-83ee-cef9b722e2ca" testListId="8c84fa94-04c1-424b-9868-57a2d4851a1d" />
  </TestEntries>
  <Results>
    <UnitTestResult executionId="e5a52675-6c59-4f60-aa66-c4bef8d009e0" testId="0c6bd91c-6818-d256-addf-da9900ca297f" testName="GenerarTurnoTest" computerName="WXP_FGAMEZ" duration="00:00:00.1265842" startTime="2013-12-03T18:27:28.1755850-06:00" endTime="2013-12-03T18:27:29.1109370-06:00" testType="13cdc9d9-ddb5-4fa4-a97d-d965ccfc6d4b" outcome="Passed" testListId="8c84fa94-04c1-424b-9868-57a2d4851a1d" relativeResultsDirectory="e5a52675-6c59-4f60-aa66-c4bef8d009e0" resultType="DataDrivenTest">
      <Counters error="0" failed="0" timeout="0" aborted="0" inconclusive="0" passedButRunAborted="0" notRunnable="0" notExecuted="0" disconnected="0" warning="0" passed="3" completed="0" inProgress="0" pending="0" />
      <InnerResults>
        <UnitTestResult executionId="4f7d6e11-6859-4d37-9077-87fb348d47e9" parentExecutionId="e5a52675-6c59-4f60-aa66-c4bef8d009e0" testId="0c6bd91c-6818-d256-addf-da9900ca297f" testName="GenerarTurnoTest" computerName="WXP_FGAMEZ" duration="00:00:00.0731393" startTime="2013-12-03T18:27:28.9706342-06:00" endTime="2013-12-03T18:27:29.0485802-06:00" testType="13cdc9d9-ddb5-4fa4-a97d-d965ccfc6d4b" outcome="Passed" testListId="8c84fa94-04c1-424b-9868-57a2d4851a1d" relativeResultsDirectory="e5a52675-6c59-4f60-aa66-c4bef8d009e0" dataRowInfo="0" resultType="DataDrivenDataRow" />
        <UnitTestResult executionId="64fef78d-1c34-42b5-9794-f7308c848047" parentExecutionId="e5a52675-6c59-4f60-aa66-c4bef8d009e0" testId="0c6bd91c-6818-d256-addf-da9900ca297f" testName="GenerarTurnoTest" computerName="WXP_FGAMEZ" duration="00:00:00.0196096" startTime="2013-12-03T18:27:29.0485802-06:00" endTime="2013-12-03T18:27:29.0641694-06:00" testType="13cdc9d9-ddb5-4fa4-a97d-d965ccfc6d4b" outcome="Passed" testListId="8c84fa94-04c1-424b-9868-57a2d4851a1d" relativeResultsDirectory="e5a52675-6c59-4f60-aa66-c4bef8d009e0" dataRowInfo="1" resultType="DataDrivenDataRow" />
        <UnitTestResult executionId="780700ca-47c0-4c55-99f5-dcd68923f229" parentExecutionId="e5a52675-6c59-4f60-aa66-c4bef8d009e0" testId="0c6bd91c-6818-d256-addf-da9900ca297f" testName="GenerarTurnoTest" computerName="WXP_FGAMEZ" duration="00:00:00.0181394" startTime="2013-12-03T18:27:29.0641694-06:00" endTime="2013-12-03T18:27:29.0953478-06:00" testType="13cdc9d9-ddb5-4fa4-a97d-d965ccfc6d4b" outcome="Passed" testListId="8c84fa94-04c1-424b-9868-57a2d4851a1d" relativeResultsDirectory="e5a52675-6c59-4f60-aa66-c4bef8d009e0" dataRowInfo="2" resultType="DataDrivenDataRow" />
      </InnerResults>
    </UnitTestResult>
    <UnitTestResult executionId="909d8d79-66cb-44f3-9e68-c97b0383dd41" testId="0f891f1d-cc71-73e9-d31f-0323be873eb1" testName="AtencionTurnoTest" computerName="WXP_FGAMEZ" duration="00:00:04.6510885" startTime="2013-12-03T18:27:29.1109370-06:00" endTime="2013-12-03T18:27:33.7565186-06:00" testType="13cdc9d9-ddb5-4fa4-a97d-d965ccfc6d4b" outcome="Passed" testListId="8c84fa94-04c1-424b-9868-57a2d4851a1d" relativeResultsDirectory="909d8d79-66cb-44f3-9e68-c97b0383dd41" resultType="DataDrivenTest">
      <Counters error="0" failed="0" timeout="0" aborted="0" inconclusive="0" passedButRunAborted="0" notRunnable="0" notExecuted="0" disconnected="0" warning="0" passed="3" completed="0" inProgress="0" pending="0" />
      <InnerResults>
        <UnitTestResult executionId="4f29b2fd-c32e-473d-ba24-e15fba0796a1" parentExecutionId="909d8d79-66cb-44f3-9e68-c97b0383dd41" testId="0f891f1d-cc71-73e9-d31f-0323be873eb1" testName="AtencionTurnoTest" computerName="WXP_FGAMEZ" duration="00:00:01.5470822" startTime="2013-12-03T18:27:29.1109370-06:00" endTime="2013-12-03T18:27:30.6542678-06:00" testType="13cdc9d9-ddb5-4fa4-a97d-d965ccfc6d4b" outcome="Passed" testListId="8c84fa94-04c1-424b-9868-57a2d4851a1d" relativeResultsDirectory="909d8d79-66cb-44f3-9e68-c97b0383dd41" dataRowInfo="0" resultType="DataDrivenDataRow" />
        <UnitTestResult executionId="1569cb52-6846-4ce7-aa7a-e7a73ee864dc" parentExecutionId="909d8d79-66cb-44f3-9e68-c97b0383dd41" testId="0f891f1d-cc71-73e9-d31f-0323be873eb1" testName="AtencionTurnoTest" computerName="WXP_FGAMEZ" duration="00:00:01.5548547" startTime="2013-12-03T18:27:30.6542678-06:00" endTime="2013-12-03T18:27:32.2131878-06:00" testType="13cdc9d9-ddb5-4fa4-a97d-d965ccfc6d4b" outcome="Passed" testListId="8c84fa94-04c1-424b-9868-57a2d4851a1d" relativeResultsDirectory="909d8d79-66cb-44f3-9e68-c97b0383dd41" dataRowInfo="1" resultType="DataDrivenDataRow" />
        <UnitTestResult executionId="e51167cf-3e6e-4a4c-ad5a-5909ff9a11e3" parentExecutionId="909d8d79-66cb-44f3-9e68-c97b0383dd41" testId="0f891f1d-cc71-73e9-d31f-0323be873eb1" testName="AtencionTurnoTest" computerName="WXP_FGAMEZ" duration="00:00:01.5478200" startTime="2013-12-03T18:27:32.2131878-06:00" endTime="2013-12-03T18:27:33.7565186-06:00" testType="13cdc9d9-ddb5-4fa4-a97d-d965ccfc6d4b" outcome="Passed" testListId="8c84fa94-04c1-424b-9868-57a2d4851a1d" relativeResultsDirectory="909d8d79-66cb-44f3-9e68-c97b0383dd41" dataRowInfo="2" resultType="DataDrivenDataRow" />
      </InnerResults>
    </UnitTestResult>
    <UnitTestResult executionId="253a87a9-6306-4466-b7df-7fe85d9ac9d9" testId="169bcf0f-6d98-97b6-956b-7db1e923fb22" testName="GetTurnosAsignadosTest" computerName="WXP_FGAMEZ" duration="00:00:04.5562562" startTime="2013-12-03T18:27:33.7565186-06:00" endTime="2013-12-03T18:27:38.3397434-06:00" testType="13cdc9d9-ddb5-4fa4-a97d-d965ccfc6d4b" outcome="Passed" testListId="8c84fa94-04c1-424b-9868-57a2d4851a1d" relativeResultsDirectory="253a87a9-6306-4466-b7df-7fe85d9ac9d9" resultType="DataDrivenTest">
      <Counters error="0" failed="0" timeout="0" aborted="0" inconclusive="0" passedButRunAborted="0" notRunnable="0" notExecuted="0" disconnected="0" warning="0" passed="3" completed="0" inProgress="0" pending="0" />
      <InnerResults>
        <UnitTestResult executionId="a93fc6bf-0ed2-4844-a51e-8e41aea19e73" parentExecutionId="253a87a9-6306-4466-b7df-7fe85d9ac9d9" testId="169bcf0f-6d98-97b6-956b-7db1e923fb22" testName="GetTurnosAsignadosTest" computerName="WXP_FGAMEZ" duration="00:00:01.5310683" startTime="2013-12-03T18:27:33.7721078-06:00" endTime="2013-12-03T18:27:35.2998494-06:00" testType="13cdc9d9-ddb5-4fa4-a97d-d965ccfc6d4b" outcome="Passed" testListId="8c84fa94-04c1-424b-9868-57a2d4851a1d" relativeResultsDirectory="253a87a9-6306-4466-b7df-7fe85d9ac9d9" dataRowInfo="0" resultType="DataDrivenDataRow" />
        <UnitTestResult executionId="b779311d-2103-45ec-9121-ac33a8ced2bc" parentExecutionId="253a87a9-6306-4466-b7df-7fe85d9ac9d9" testId="169bcf0f-6d98-97b6-956b-7db1e923fb22" testName="GetTurnosAsignadosTest" computerName="WXP_FGAMEZ" duration="00:00:01.5011673" startTime="2013-12-03T18:27:35.2998494-06:00" endTime="2013-12-03T18:27:36.8120018-06:00" testType="13cdc9d9-ddb5-4fa4-a97d-d965ccfc6d4b" outcome="Passed" testListId="8c84fa94-04c1-424b-9868-57a2d4851a1d" relativeResultsDirectory="253a87a9-6306-4466-b7df-7fe85d9ac9d9" dataRowInfo="1" resultType="DataDrivenDataRow" />
        <UnitTestResult executionId="1ae9385c-7db0-4ad5-bc51-a479edcdbca4" parentExecutionId="253a87a9-6306-4466-b7df-7fe85d9ac9d9" testId="169bcf0f-6d98-97b6-956b-7db1e923fb22" testName="GetTurnosAsignadosTest" computerName="WXP_FGAMEZ" duration="00:00:01.5221993" startTime="2013-12-03T18:27:36.8120018-06:00" endTime="2013-12-03T18:27:38.3397434-06:00" testType="13cdc9d9-ddb5-4fa4-a97d-d965ccfc6d4b" outcome="Passed" testListId="8c84fa94-04c1-424b-9868-57a2d4851a1d" relativeResultsDirectory="253a87a9-6306-4466-b7df-7fe85d9ac9d9" dataRowInfo="2" resultType="DataDrivenDataRow" />
      </InnerResults>
    </UnitTestResult>
    <UnitTestResult executionId="354173d4-71ed-4865-a293-3ecc0088e5c6" testId="240e14ec-c5e8-54e9-7d6b-03bf27d9fd9b" testName="GetTurnosEstadoTest" computerName="WXP_FGAMEZ" duration="00:00:00.0962997" startTime="2013-12-03T18:27:38.3397434-06:00" endTime="2013-12-03T18:27:38.4488678-06:00" testType="13cdc9d9-ddb5-4fa4-a97d-d965ccfc6d4b" outcome="Passed" testListId="8c84fa94-04c1-424b-9868-57a2d4851a1d" relativeResultsDirectory="354173d4-71ed-4865-a293-3ecc0088e5c6" resultType="DataDrivenTest">
      <Counters error="0" failed="0" timeout="0" aborted="0" inconclusive="0" passedButRunAborted="0" notRunnable="0" notExecuted="0" disconnected="0" warning="0" passed="3" completed="0" inProgress="0" pending="0" />
      <InnerResults>
        <UnitTestResult executionId="aac5222e-fdb5-426a-bd74-3939be4f7bf6" parentExecutionId="354173d4-71ed-4865-a293-3ecc0088e5c6" testId="240e14ec-c5e8-54e9-7d6b-03bf27d9fd9b" testName="GetTurnosEstadoTest" computerName="WXP_FGAMEZ" duration="00:00:00.0539780" startTime="2013-12-03T18:27:38.3397434-06:00" endTime="2013-12-03T18:27:38.4021002-06:00" testType="13cdc9d9-ddb5-4fa4-a97d-d965ccfc6d4b" outcome="Passed" testListId="8c84fa94-04c1-424b-9868-57a2d4851a1d" relativeResultsDirectory="354173d4-71ed-4865-a293-3ecc0088e5c6" dataRowInfo="0" resultType="DataDrivenDataRow" />
        <UnitTestResult executionId="264126a8-0c60-4ea9-9207-b9124412b1d6" parentExecutionId="354173d4-71ed-4865-a293-3ecc0088e5c6" testId="240e14ec-c5e8-54e9-7d6b-03bf27d9fd9b" testName="GetTurnosEstadoTest" computerName="WXP_FGAMEZ" duration="00:00:00.0285529" startTime="2013-12-03T18:27:38.4021002-06:00" endTime="2013-12-03T18:27:38.4332786-06:00" testType="13cdc9d9-ddb5-4fa4-a97d-d965ccfc6d4b" outcome="Passed" testListId="8c84fa94-04c1-424b-9868-57a2d4851a1d" relativeResultsDirectory="354173d4-71ed-4865-a293-3ecc0088e5c6" dataRowInfo="1" resultType="DataDrivenDataRow" />
        <UnitTestResult executionId="f6b93746-54bc-41f3-a9c4-ed286162864a" parentExecutionId="354173d4-71ed-4865-a293-3ecc0088e5c6" testId="240e14ec-c5e8-54e9-7d6b-03bf27d9fd9b" testName="GetTurnosEstadoTest" computerName="WXP_FGAMEZ" duration="00:00:00.0120796" startTime="2013-12-03T18:27:38.4332786-06:00" endTime="2013-12-03T18:27:38.4488678-06:00" testType="13cdc9d9-ddb5-4fa4-a97d-d965ccfc6d4b" outcome="Passed" testListId="8c84fa94-04c1-424b-9868-57a2d4851a1d" relativeResultsDirectory="354173d4-71ed-4865-a293-3ecc0088e5c6" dataRowInfo="2" resultType="DataDrivenDataRow" />
      </InnerResults>
    </UnitTestResult>
    <UnitTestResult executionId="74a2e6d5-0714-486e-8be1-d6e2c85da462" testId="3826561d-a665-30f8-05d1-4db104734951" testName="GetPoolAtencionTest" computerName="WXP_FGAMEZ" duration="00:00:00.0489097" startTime="2013-12-03T18:27:38.4488678-06:00" endTime="2013-12-03T18:27:38.6359382-06:00" testType="13cdc9d9-ddb5-4fa4-a97d-d965ccfc6d4b" outcome="Passed" testListId="8c84fa94-04c1-424b-9868-57a2d4851a1d" relativeResultsDirectory="74a2e6d5-0714-486e-8be1-d6e2c85da462" resultType="DataDrivenTest">
      <Counters error="0" failed="0" timeout="0" aborted="0" inconclusive="0" passedButRunAborted="0" notRunnable="0" notExecuted="0" disconnected="0" warning="0" passed="3" completed="0" inProgress="0" pending="0" />
      <InnerResults>
        <UnitTestResult executionId="fd48f6f5-8ecd-4435-83f8-4001b4eac689" parentExecutionId="74a2e6d5-0714-486e-8be1-d6e2c85da462" testId="3826561d-a665-30f8-05d1-4db104734951" testName="GetPoolAtencionTest" computerName="WXP_FGAMEZ" duration="00:00:00.0142588" startTime="2013-12-03T18:27:38.5735814-06:00" endTime="2013-12-03T18:27:38.5891706-06:00" testType="13cdc9d9-ddb5-4fa4-a97d-d965ccfc6d4b" outcome="Passed" testListId="8c84fa94-04c1-424b-9868-57a2d4851a1d" relativeResultsDirectory="74a2e6d5-0714-486e-8be1-d6e2c85da462" dataRowInfo="0" resultType="DataDrivenDataRow" />
        <UnitTestResult executionId="95c58984-57f1-4329-9121-5b4c7cd8dabc" parentExecutionId="74a2e6d5-0714-486e-8be1-d6e2c85da462" testId="3826561d-a665-30f8-05d1-4db104734951" testName="GetPoolAtencionTest" computerName="WXP_FGAMEZ" duration="00:00:00.0141002" startTime="2013-12-03T18:27:38.5891706-06:00" endTime="2013-12-03T18:27:38.6047598-06:00" testType="13cdc9d9-ddb5-4fa4-a97d-d965ccfc6d4b" outcome="Passed" testListId="8c84fa94-04c1-424b-9868-57a2d4851a1d" relativeResultsDirectory="74a2e6d5-0714-486e-8be1-d6e2c85da462" dataRowInfo="1" resultType="DataDrivenDataRow" />
        <UnitTestResult executionId="80908e20-d867-43c4-adfc-65ada4ce3246" parentExecutionId="74a2e6d5-0714-486e-8be1-d6e2c85da462" testId="3826561d-a665-30f8-05d1-4db104734951" testName="GetPoolAtencionTest" computerName="WXP_FGAMEZ" duration="00:00:00.0188244" startTime="2013-12-03T18:27:38.6047598-06:00" endTime="2013-12-03T18:27:38.6203490-06:00" testType="13cdc9d9-ddb5-4fa4-a97d-d965ccfc6d4b" outcome="Passed" testListId="8c84fa94-04c1-424b-9868-57a2d4851a1d" relativeResultsDirectory="74a2e6d5-0714-486e-8be1-d6e2c85da462" dataRowInfo="2" resultType="DataDrivenDataRow" />
      </InnerResults>
    </UnitTestResult>
    <UnitTestResult executionId="858a036c-c372-4125-acc7-3e3924c94685" testId="5c4a225e-2177-2cf6-d984-09e99a1f0ffe" testName="SetEstadoAtencionTest" computerName="WXP_FGAMEZ" duration="00:00:00.0254882" startTime="2013-12-03T18:27:38.6359382-06:00" endTime="2013-12-03T18:27:38.6671166-06:00" testType="13cdc9d9-ddb5-4fa4-a97d-d965ccfc6d4b" outcome="Passed" testListId="8c84fa94-04c1-424b-9868-57a2d4851a1d" relativeResultsDirectory="858a036c-c372-4125-acc7-3e3924c94685" resultType="DataDrivenTest">
      <Counters error="0" failed="0" timeout="0" aborted="0" inconclusive="0" passedButRunAborted="0" notRunnable="0" notExecuted="0" disconnected="0" warning="0" passed="6" completed="0" inProgress="0" pending="0" />
      <InnerResults>
        <UnitTestResult executionId="ed237ec5-5f7b-4672-91db-ad2c34520d43" parentExecutionId="858a036c-c372-4125-acc7-3e3924c94685" testId="5c4a225e-2177-2cf6-d984-09e99a1f0ffe" testName="SetEstadoAtencionTest" computerName="WXP_FGAMEZ" duration="00:00:00.0066467" startTime="2013-12-03T18:27:38.6359382-06:00" endTime="2013-12-03T18:27:38.6515274-06:00" testType="13cdc9d9-ddb5-4fa4-a97d-d965ccfc6d4b" outcome="Passed" testListId="8c84fa94-04c1-424b-9868-57a2d4851a1d" relativeResultsDirectory="858a036c-c372-4125-acc7-3e3924c94685" dataRowInfo="0" resultType="DataDrivenDataRow" />
        <UnitTestResult executionId="7611d977-6778-444c-9ec2-f35b5a793643" parentExecutionId="858a036c-c372-4125-acc7-3e3924c94685" testId="5c4a225e-2177-2cf6-d984-09e99a1f0ffe" testName="SetEstadoAtencionTest" computerName="WXP_FGAMEZ" duration="00:00:00.0022583" startTime="2013-12-03T18:27:38.6515274-06:00" endTime="2013-12-03T18:27:38.6515274-06:00" testType="13cdc9d9-ddb5-4fa4-a97d-d965ccfc6d4b" outcome="Passed" testListId="8c84fa94-04c1-424b-9868-57a2d4851a1d" relativeResultsDirectory="858a036c-c372-4125-acc7-3e3924c94685" dataRowInfo="1" resultType="DataDrivenDataRow" />
        <UnitTestResult executionId="e7b4f662-46d1-4ca8-a532-8dc263506fd7" parentExecutionId="858a036c-c372-4125-acc7-3e3924c94685" testId="5c4a225e-2177-2cf6-d984-09e99a1f0ffe" testName="SetEstadoAtencionTest" computerName="WXP_FGAMEZ" duration="00:00:00.0037071" startTime="2013-12-03T18:27:38.6515274-06:00" endTime="2013-12-03T18:27:38.6515274-06:00" testType="13cdc9d9-ddb5-4fa4-a97d-d965ccfc6d4b" outcome="Passed" testListId="8c84fa94-04c1-424b-9868-57a2d4851a1d" relativeResultsDirectory="858a036c-c372-4125-acc7-3e3924c94685" dataRowInfo="2" resultType="DataDrivenDataRow" />
        <UnitTestResult executionId="533e9a4e-6a9d-48b6-b26d-07dc01baa086" parentExecutionId="858a036c-c372-4125-acc7-3e3924c94685" testId="5c4a225e-2177-2cf6-d984-09e99a1f0ffe" testName="SetEstadoAtencionTest" computerName="WXP_FGAMEZ" duration="00:00:00.0040179" startTime="2013-12-03T18:27:38.6515274-06:00" endTime="2013-12-03T18:27:38.6515274-06:00" testType="13cdc9d9-ddb5-4fa4-a97d-d965ccfc6d4b" outcome="Passed" testListId="8c84fa94-04c1-424b-9868-57a2d4851a1d" relativeResultsDirectory="858a036c-c372-4125-acc7-3e3924c94685" dataRowInfo="3" resultType="DataDrivenDataRow" />
        <UnitTestResult executionId="027742e9-c10d-496a-9879-b77a84ec943e" parentExecutionId="858a036c-c372-4125-acc7-3e3924c94685" testId="5c4a225e-2177-2cf6-d984-09e99a1f0ffe" testName="SetEstadoAtencionTest" computerName="WXP_FGAMEZ" duration="00:00:00.0025459" startTime="2013-12-03T18:27:38.6515274-06:00" endTime="2013-12-03T18:27:38.6515274-06:00" testType="13cdc9d9-ddb5-4fa4-a97d-d965ccfc6d4b" outcome="Passed" testListId="8c84fa94-04c1-424b-9868-57a2d4851a1d" relativeResultsDirectory="858a036c-c372-4125-acc7-3e3924c94685" dataRowInfo="4" resultType="DataDrivenDataRow" />
        <UnitTestResult executionId="d56cf9e5-11ee-4892-8eee-1520f1d131f3" parentExecutionId="858a036c-c372-4125-acc7-3e3924c94685" testId="5c4a225e-2177-2cf6-d984-09e99a1f0ffe" testName="SetEstadoAtencionTest" computerName="WXP_FGAMEZ" duration="00:00:00.0039368" startTime="2013-12-03T18:27:38.6515274-06:00" endTime="2013-12-03T18:27:38.6671166-06:00" testType="13cdc9d9-ddb5-4fa4-a97d-d965ccfc6d4b" outcome="Passed" testListId="8c84fa94-04c1-424b-9868-57a2d4851a1d" relativeResultsDirectory="858a036c-c372-4125-acc7-3e3924c94685" dataRowInfo="5" resultType="DataDrivenDataRow" />
      </InnerResults>
    </UnitTestResult>
    <UnitTestResult executionId="ea7772ec-103b-4644-86bf-023e36ef2ed2" testId="7184f34c-99d0-b6e9-7b20-e35849e84b78" testName="AtenderVirtualTest" computerName="WXP_FGAMEZ" duration="00:00:00.0428280" startTime="2013-12-03T18:27:38.6671166-06:00" endTime="2013-12-03T18:27:38.8230086-06:00" testType="13cdc9d9-ddb5-4fa4-a97d-d965ccfc6d4b" outcome="Failed" testListId="8c84fa94-04c1-424b-9868-57a2d4851a1d" relativeResultsDirectory="ea7772ec-103b-4644-86bf-023e36ef2ed2" resultType="DataDrivenTest">
      <Counters error="0" failed="3" timeout="0" aborted="0" inconclusive="0" passedButRunAborted="0" notRunnable="0" notExecuted="0" disconnected="0" warning="0" passed="0" completed="0" inProgress="0" pending="0" />
      <InnerResults>
        <UnitTestResult executionId="7324d20a-e037-4ab4-8330-a136ff4bce78" parentExecutionId="ea7772ec-103b-4644-86bf-023e36ef2ed2" testId="7184f34c-99d0-b6e9-7b20-e35849e84b78" testName="AtenderVirtualTest" computerName="WXP_FGAMEZ" duration="00:00:00.0302360" startTime="2013-12-03T18:27:38.7762410-06:00" endTime="2013-12-03T18:27:38.8074194-06:00" testType="13cdc9d9-ddb5-4fa4-a97d-d965ccfc6d4b" outcome="Failed" testListId="8c84fa94-04c1-424b-9868-57a2d4851a1d" relativeResultsDirectory="ea7772ec-103b-4644-86bf-023e36ef2ed2" dataRowInfo="0" resultType="DataDrivenDataRow">
          <Output>
            <ErrorInfo>
              <Message>El método de prueba Baz.Caja.Turnador.Test.Dao.CjCTTurnosFlowAlternativeTest.AtenderVirtualTest produjo la excepción: 
System.NullReferenceException: Referencia a objeto no establecida como instancia de un objeto.</Message>
              <StackTrace>    en Baz.Caja.Turnador.Logic.CjCRTurnosLogic.AtenderTurnoVirtual(String noEmpleado, CjCRTurno turno, CjCRCredential credential) en C:\gfb\workspaces\networkspace\CjCRTurnador\CjCRTurnador\src\logic\CjCRTurnosLogic.cs:línea 130
   en Baz.Caja.Turnador.Service.CjCRTurnosService.AtenderTurnoVirtual(String noEmpleado, CjCRTurno turno, CjCRCredential credential) en C:\gfb\workspaces\networkspace\CjCRTurnador\CjCRTurnador\src\service\CjCRTurnosService.cs:línea 115
   en Baz.Caja.Turnador.Test.Dao.CjCTTurnosFlowAlternativeTest.AtenderVirtualTest() en C:\gfb\workspaces\networkspace\CjCRTurnador\CjCRTurnadorTest\test\logic\CjCTTurnosFlowAlternativeTest.cs:línea 68
</StackTrace>
            </ErrorInfo>
          </Output>
        </UnitTestResult>
        <UnitTestResult executionId="23b55cab-fa08-4cb2-8887-4687f422e351" parentExecutionId="ea7772ec-103b-4644-86bf-023e36ef2ed2" testId="7184f34c-99d0-b6e9-7b20-e35849e84b78" testName="AtenderVirtualTest" computerName="WXP_FGAMEZ" duration="00:00:00.0061693" startTime="2013-12-03T18:27:38.8074194-06:00" endTime="2013-12-03T18:27:38.8074194-06:00" testType="13cdc9d9-ddb5-4fa4-a97d-d965ccfc6d4b" outcome="Failed" testListId="8c84fa94-04c1-424b-9868-57a2d4851a1d" relativeResultsDirectory="ea7772ec-103b-4644-86bf-023e36ef2ed2" dataRowInfo="1" resultType="DataDrivenDataRow">
          <Output>
            <ErrorInfo>
              <Message>El método de prueba Baz.Caja.Turnador.Test.Dao.CjCTTurnosFlowAlternativeTest.AtenderVirtualTest produjo la excepción: 
System.NullReferenceException: Referencia a objeto no establecida como instancia de un objeto.</Message>
              <StackTrace>    en Baz.Caja.Turnador.Logic.CjCRTurnosLogic.AtenderTurnoVirtual(String noEmpleado, CjCRTurno turno, CjCRCredential credential) en C:\gfb\workspaces\networkspace\CjCRTurnador\CjCRTurnador\src\logic\CjCRTurnosLogic.cs:línea 130
   en Baz.Caja.Turnador.Service.CjCRTurnosService.AtenderTurnoVirtual(String noEmpleado, CjCRTurno turno, CjCRCredential credential) en C:\gfb\workspaces\networkspace\CjCRTurnador\CjCRTurnador\src\service\CjCRTurnosService.cs:línea 115
   en Baz.Caja.Turnador.Test.Dao.CjCTTurnosFlowAlternativeTest.AtenderVirtualTest() en C:\gfb\workspaces\networkspace\CjCRTurnador\CjCRTurnadorTest\test\logic\CjCTTurnosFlowAlternativeTest.cs:línea 68
</StackTrace>
            </ErrorInfo>
          </Output>
        </UnitTestResult>
        <UnitTestResult executionId="2f12fe95-1f91-4f9a-bb5e-ebe8308b983d" parentExecutionId="ea7772ec-103b-4644-86bf-023e36ef2ed2" testId="7184f34c-99d0-b6e9-7b20-e35849e84b78" testName="AtenderVirtualTest" computerName="WXP_FGAMEZ" duration="00:00:00.0047130" startTime="2013-12-03T18:27:38.8074194-06:00" endTime="2013-12-03T18:27:38.8074194-06:00" testType="13cdc9d9-ddb5-4fa4-a97d-d965ccfc6d4b" outcome="Failed" testListId="8c84fa94-04c1-424b-9868-57a2d4851a1d" relativeResultsDirectory="ea7772ec-103b-4644-86bf-023e36ef2ed2" dataRowInfo="2" resultType="DataDrivenDataRow">
          <Output>
            <ErrorInfo>
              <Message>El método de prueba Baz.Caja.Turnador.Test.Dao.CjCTTurnosFlowAlternativeTest.AtenderVirtualTest produjo la excepción: 
System.NullReferenceException: Referencia a objeto no establecida como instancia de un objeto.</Message>
              <StackTrace>    en Baz.Caja.Turnador.Logic.CjCRTurnosLogic.AtenderTurnoVirtual(String noEmpleado, CjCRTurno turno, CjCRCredential credential) en C:\gfb\workspaces\networkspace\CjCRTurnador\CjCRTurnador\src\logic\CjCRTurnosLogic.cs:línea 130
   en Baz.Caja.Turnador.Service.CjCRTurnosService.AtenderTurnoVirtual(String noEmpleado, CjCRTurno turno, CjCRCredential credential) en C:\gfb\workspaces\networkspace\CjCRTurnador\CjCRTurnador\src\service\CjCRTurnosService.cs:línea 115
   en Baz.Caja.Turnador.Test.Dao.CjCTTurnosFlowAlternativeTest.AtenderVirtualTest() en C:\gfb\workspaces\networkspace\CjCRTurnador\CjCRTurnadorTest\test\logic\CjCTTurnosFlowAlternativeTest.cs:línea 68
</StackTrace>
            </ErrorInfo>
          </Output>
        </UnitTestResult>
      </InnerResults>
    </UnitTestResult>
    <UnitTestResult executionId="e09ba450-28c3-4ab2-860e-f8d33be70935" testId="7c90f9c5-18f9-349c-4484-c9fa726f092c" testName="CaducarTurnoTest" computerName="WXP_FGAMEZ" duration="00:00:00.0123749" startTime="2013-12-03T18:27:38.8230086-06:00" endTime="2013-12-03T18:27:38.8385978-06:00" testType="13cdc9d9-ddb5-4fa4-a97d-d965ccfc6d4b" outcome="Failed" testListId="8c84fa94-04c1-424b-9868-57a2d4851a1d" relativeResultsDirectory="e09ba450-28c3-4ab2-860e-f8d33be70935" resultType="DataDrivenTest">
      <Counters error="0" failed="3" timeout="0" aborted="0" inconclusive="0" passedButRunAborted="0" notRunnable="0" notExecuted="0" disconnected="0" warning="0" passed="0" completed="0" inProgress="0" pending="0" />
      <InnerResults>
        <UnitTestResult executionId="9135aa78-6dff-4551-a669-c312892ede1c" parentExecutionId="e09ba450-28c3-4ab2-860e-f8d33be70935" testId="7c90f9c5-18f9-349c-4484-c9fa726f092c" testName="CaducarTurnoTest" computerName="WXP_FGAMEZ" duration="00:00:00.0045135" startTime="2013-12-03T18:27:38.8230086-06:00" endTime="2013-12-03T18:27:38.8385978-06:00" testType="13cdc9d9-ddb5-4fa4-a97d-d965ccfc6d4b" outcome="Failed" testListId="8c84fa94-04c1-424b-9868-57a2d4851a1d" relativeResultsDirectory="e09ba450-28c3-4ab2-860e-f8d33be70935" dataRowInfo="0" resultType="DataDrivenDataRow">
          <Output>
            <ErrorInfo>
              <Message>El método de prueba Baz.Caja.Turnador.Test.Dao.CjCTTurnosFlowAlternativeTest.CaducarTurnoTest produjo la excepción: 
System.NullReferenceException: Referencia a objeto no establecida como instancia de un objeto.</Message>
              <StackTrace>    en Baz.Caja.Turnador.Test.Dao.CjCTTurnosFlowAlternativeTest.CaducarTurnoTest() en C:\gfb\workspaces\networkspace\CjCRTurnador\CjCRTurnadorTest\test\logic\CjCTTurnosFlowAlternativeTest.cs:línea 108
</StackTrace>
            </ErrorInfo>
          </Output>
        </UnitTestResult>
        <UnitTestResult executionId="02a7bede-ec8b-4cc5-b209-d70ee3336199" parentExecutionId="e09ba450-28c3-4ab2-860e-f8d33be70935" testId="7c90f9c5-18f9-349c-4484-c9fa726f092c" testName="CaducarTurnoTest" computerName="WXP_FGAMEZ" duration="00:00:00.0026800" startTime="2013-12-03T18:27:38.8385978-06:00" endTime="2013-12-03T18:27:38.8385978-06:00" testType="13cdc9d9-ddb5-4fa4-a97d-d965ccfc6d4b" outcome="Failed" testListId="8c84fa94-04c1-424b-9868-57a2d4851a1d" relativeResultsDirectory="e09ba450-28c3-4ab2-860e-f8d33be70935" dataRowInfo="1" resultType="DataDrivenDataRow">
          <Output>
            <ErrorInfo>
              <Message>El método de prueba Baz.Caja.Turnador.Test.Dao.CjCTTurnosFlowAlternativeTest.CaducarTurnoTest produjo la excepción: 
System.NullReferenceException: Referencia a objeto no establecida como instancia de un objeto.</Message>
              <StackTrace>    en Baz.Caja.Turnador.Test.Dao.CjCTTurnosFlowAlternativeTest.CaducarTurnoTest() en C:\gfb\workspaces\networkspace\CjCRTurnador\CjCRTurnadorTest\test\logic\CjCTTurnosFlowAlternativeTest.cs:línea 108
</StackTrace>
            </ErrorInfo>
          </Output>
        </UnitTestResult>
        <UnitTestResult executionId="feb738b0-c6c9-461e-8c6c-d9d9cb936c73" parentExecutionId="e09ba450-28c3-4ab2-860e-f8d33be70935" testId="7c90f9c5-18f9-349c-4484-c9fa726f092c" testName="CaducarTurnoTest" computerName="WXP_FGAMEZ" duration="00:00:00.0029551" startTime="2013-12-03T18:27:38.8385978-06:00" endTime="2013-12-03T18:27:38.8385978-06:00" testType="13cdc9d9-ddb5-4fa4-a97d-d965ccfc6d4b" outcome="Failed" testListId="8c84fa94-04c1-424b-9868-57a2d4851a1d" relativeResultsDirectory="e09ba450-28c3-4ab2-860e-f8d33be70935" dataRowInfo="2" resultType="DataDrivenDataRow">
          <Output>
            <ErrorInfo>
              <Message>El método de prueba Baz.Caja.Turnador.Test.Dao.CjCTTurnosFlowAlternativeTest.CaducarTurnoTest produjo la excepción: 
System.NullReferenceException: Referencia a objeto no establecida como instancia de un objeto.</Message>
              <StackTrace>    en Baz.Caja.Turnador.Test.Dao.CjCTTurnosFlowAlternativeTest.CaducarTurnoTest() en C:\gfb\workspaces\networkspace\CjCRTurnador\CjCRTurnadorTest\test\logic\CjCTTurnosFlowAlternativeTest.cs:línea 108
</StackTrace>
            </ErrorInfo>
          </Output>
        </UnitTestResult>
      </InnerResults>
    </UnitTestResult>
    <UnitTestResult executionId="ff929d9e-93ce-40b9-8643-a72ce483b665" testId="81534639-43c2-b394-d70a-29c369fa3259" testName="CancelarTurnoTest" computerName="WXP_FGAMEZ" duration="00:00:04.6754625" startTime="2013-12-03T18:27:38.8541870-06:00" endTime="2013-12-03T18:27:43.5153578-06:00" testType="13cdc9d9-ddb5-4fa4-a97d-d965ccfc6d4b" outcome="Failed" testListId="8c84fa94-04c1-424b-9868-57a2d4851a1d" relativeResultsDirectory="ff929d9e-93ce-40b9-8643-a72ce483b665" resultType="DataDrivenTest">
      <Counters error="0" failed="3" timeout="0" aborted="0" inconclusive="0" passedButRunAborted="0" notRunnable="0" notExecuted="0" disconnected="0" warning="0" passed="0" completed="0" inProgress="0" pending="0" />
      <InnerResults>
        <UnitTestResult executionId="c15208e7-5019-4a1f-a811-e6663cd2a423" parentExecutionId="ff929d9e-93ce-40b9-8643-a72ce483b665" testId="81534639-43c2-b394-d70a-29c369fa3259" testName="CancelarTurnoTest" computerName="WXP_FGAMEZ" duration="00:00:01.5826826" startTime="2013-12-03T18:27:38.8541870-06:00" endTime="2013-12-03T18:27:40.4286962-06:00" testType="13cdc9d9-ddb5-4fa4-a97d-d965ccfc6d4b" outcome="Failed" testListId="8c84fa94-04c1-424b-9868-57a2d4851a1d" relativeResultsDirectory="ff929d9e-93ce-40b9-8643-a72ce483b665" dataRowInfo="0" resultType="DataDrivenDataRow">
          <Output>
            <ErrorInfo>
              <Message>Error de Assert.AreEqual. Se esperaba &lt;True&gt;, pero es &lt;False&gt;. Turnos no establecidos como cancelados</Message>
              <StackTrace>   en Baz.Caja.Turnador.Test.Dao.CjCTTurnosFlowAlternativeTest.CancelarTurnoTest() en C:\gfb\workspaces\networkspace\CjCRTurnador\CjCRTurnadorTest\test\logic\CjCTTurnosFlowAlternativeTest.cs:línea 159
</StackTrace>
            </ErrorInfo>
          </Output>
        </UnitTestResult>
        <UnitTestResult executionId="9b0c3f58-cda8-4faf-855c-98242c78385f" parentExecutionId="ff929d9e-93ce-40b9-8643-a72ce483b665" testId="81534639-43c2-b394-d70a-29c369fa3259" testName="CancelarTurnoTest" computerName="WXP_FGAMEZ" duration="00:00:01.5584180" startTime="2013-12-03T18:27:40.4286962-06:00" endTime="2013-12-03T18:27:41.9876162-06:00" testType="13cdc9d9-ddb5-4fa4-a97d-d965ccfc6d4b" outcome="Failed" testListId="8c84fa94-04c1-424b-9868-57a2d4851a1d" relativeResultsDirectory="ff929d9e-93ce-40b9-8643-a72ce483b665" dataRowInfo="1" resultType="DataDrivenDataRow">
          <Output>
            <ErrorInfo>
              <Message>Error de Assert.AreEqual. Se esperaba &lt;True&gt;, pero es &lt;False&gt;. Turnos no establecidos como cancelados</Message>
              <StackTrace>   en Baz.Caja.Turnador.Test.Dao.CjCTTurnosFlowAlternativeTest.CancelarTurnoTest() en C:\gfb\workspaces\networkspace\CjCRTurnador\CjCRTurnadorTest\test\logic\CjCTTurnosFlowAlternativeTest.cs:línea 159
</StackTrace>
            </ErrorInfo>
          </Output>
        </UnitTestResult>
        <UnitTestResult executionId="b557d918-6220-4d72-ba80-6266f7fc2c64" parentExecutionId="ff929d9e-93ce-40b9-8643-a72ce483b665" testId="81534639-43c2-b394-d70a-29c369fa3259" testName="CancelarTurnoTest" computerName="WXP_FGAMEZ" duration="00:00:01.5320650" startTime="2013-12-03T18:27:41.9876162-06:00" endTime="2013-12-03T18:27:43.5153578-06:00" testType="13cdc9d9-ddb5-4fa4-a97d-d965ccfc6d4b" outcome="Failed" testListId="8c84fa94-04c1-424b-9868-57a2d4851a1d" relativeResultsDirectory="ff929d9e-93ce-40b9-8643-a72ce483b665" dataRowInfo="2" resultType="DataDrivenDataRow">
          <Output>
            <ErrorInfo>
              <Message>Error de Assert.AreEqual. Se esperaba &lt;True&gt;, pero es &lt;False&gt;. Turnos no establecidos como cancelados</Message>
              <StackTrace>   en Baz.Caja.Turnador.Test.Dao.CjCTTurnosFlowAlternativeTest.CancelarTurnoTest() en C:\gfb\workspaces\networkspace\CjCRTurnador\CjCRTurnadorTest\test\logic\CjCTTurnosFlowAlternativeTest.cs:línea 159
</StackTrace>
            </ErrorInfo>
          </Output>
        </UnitTestResult>
      </InnerResults>
    </UnitTestResult>
    <UnitTestResult executionId="b132658b-f692-435a-bdf0-5fb1309bab84" testId="81885110-5caf-ba2d-5426-09a7cde5d78f" testName="GetPoolByUnidadTest" computerName="WXP_FGAMEZ" duration="00:00:00.0466462" startTime="2013-12-03T18:27:43.5153578-06:00" endTime="2013-12-03T18:27:43.5777146-06:00" testType="13cdc9d9-ddb5-4fa4-a97d-d965ccfc6d4b" outcome="Passed" testListId="8c84fa94-04c1-424b-9868-57a2d4851a1d" relativeResultsDirectory="b132658b-f692-435a-bdf0-5fb1309bab84" resultType="DataDrivenTest">
      <Counters error="0" failed="0" timeout="0" aborted="0" inconclusive="0" passedButRunAborted="0" notRunnable="0" notExecuted="0" disconnected="0" warning="0" passed="3" completed="0" inProgress="0" pending="0" />
      <InnerResults>
        <UnitTestResult executionId="d0cdfecd-1b1d-49b8-bf75-3977e47e6d02" parentExecutionId="b132658b-f692-435a-bdf0-5fb1309bab84" testId="81885110-5caf-ba2d-5426-09a7cde5d78f" testName="GetPoolByUnidadTest" computerName="WXP_FGAMEZ" duration="00:00:00.0088318" startTime="2013-12-03T18:27:43.5309470-06:00" endTime="2013-12-03T18:27:43.5309470-06:00" testType="13cdc9d9-ddb5-4fa4-a97d-d965ccfc6d4b" outcome="Passed" testListId="8c84fa94-04c1-424b-9868-57a2d4851a1d" relativeResultsDirectory="b132658b-f692-435a-bdf0-5fb1309bab84" dataRowInfo="0" resultType="DataDrivenDataRow" />
        <UnitTestResult executionId="d04a365e-2ac4-462e-bcf6-3889ec6df79d" parentExecutionId="b132658b-f692-435a-bdf0-5fb1309bab84" testId="81885110-5caf-ba2d-5426-09a7cde5d78f" testName="GetPoolByUnidadTest" computerName="WXP_FGAMEZ" duration="00:00:00.0167717" startTime="2013-12-03T18:27:43.5309470-06:00" endTime="2013-12-03T18:27:43.5465362-06:00" testType="13cdc9d9-ddb5-4fa4-a97d-d965ccfc6d4b" outcome="Passed" testListId="8c84fa94-04c1-424b-9868-57a2d4851a1d" relativeResultsDirectory="b132658b-f692-435a-bdf0-5fb1309bab84" dataRowInfo="1" resultType="DataDrivenDataRow" />
        <UnitTestResult executionId="8ae6a39a-6ac3-4c1a-a7db-3ef39f23f691" parentExecutionId="b132658b-f692-435a-bdf0-5fb1309bab84" testId="81885110-5caf-ba2d-5426-09a7cde5d78f" testName="GetPoolByUnidadTest" computerName="WXP_FGAMEZ" duration="00:00:00.0184733" startTime="2013-12-03T18:27:43.5465362-06:00" endTime="2013-12-03T18:27:43.5777146-06:00" testType="13cdc9d9-ddb5-4fa4-a97d-d965ccfc6d4b" outcome="Passed" testListId="8c84fa94-04c1-424b-9868-57a2d4851a1d" relativeResultsDirectory="b132658b-f692-435a-bdf0-5fb1309bab84" dataRowInfo="2" resultType="DataDrivenDataRow" />
      </InnerResults>
    </UnitTestResult>
    <UnitTestResult executionId="203c6e8d-d7a5-4c62-80d0-ee93986f74c6" testId="956c3ffe-c6e4-7e66-7e50-68d4b6ef511d" testName="EstadosTurnoTest" computerName="WXP_FGAMEZ" duration="00:00:00.0010034" startTime="2013-12-03T18:27:43.5777146-06:00" endTime="2013-12-03T18:27:43.6556606-06:00" testType="13cdc9d9-ddb5-4fa4-a97d-d965ccfc6d4b" outcome="Passed" testListId="8c84fa94-04c1-424b-9868-57a2d4851a1d" relativeResultsDirectory="203c6e8d-d7a5-4c62-80d0-ee93986f74c6">
    </UnitTestResult>
    <UnitTestResult executionId="5858ccd0-506c-4bc7-bd52-00b2e10a7470" testId="b0806fa8-b6a7-0b91-2eaf-501afebefbd0" testName="GetPoolByEmpleadoTest" computerName="WXP_FGAMEZ" duration="00:00:00.0703061" startTime="2013-12-03T18:27:43.6556606-06:00" endTime="2013-12-03T18:27:43.7336066-06:00" testType="13cdc9d9-ddb5-4fa4-a97d-d965ccfc6d4b" outcome="Passed" testListId="8c84fa94-04c1-424b-9868-57a2d4851a1d" relativeResultsDirectory="5858ccd0-506c-4bc7-bd52-00b2e10a7470" resultType="DataDrivenTest">
      <Counters error="0" failed="0" timeout="0" aborted="0" inconclusive="0" passedButRunAborted="0" notRunnable="0" notExecuted="0" disconnected="0" warning="0" passed="3" completed="0" inProgress="0" pending="0" />
      <InnerResults>
        <UnitTestResult executionId="afd82faf-78ad-4dec-9081-132b81c86b82" parentExecutionId="5858ccd0-506c-4bc7-bd52-00b2e10a7470" testId="b0806fa8-b6a7-0b91-2eaf-501afebefbd0" testName="GetPoolByEmpleadoTest" computerName="WXP_FGAMEZ" duration="00:00:00.0290672" startTime="2013-12-03T18:27:43.6556606-06:00" endTime="2013-12-03T18:27:43.6868390-06:00" testType="13cdc9d9-ddb5-4fa4-a97d-d965ccfc6d4b" outcome="Passed" testListId="8c84fa94-04c1-424b-9868-57a2d4851a1d" relativeResultsDirectory="5858ccd0-506c-4bc7-bd52-00b2e10a7470" dataRowInfo="0" resultType="DataDrivenDataRow" />
        <UnitTestResult executionId="d19a9a57-0219-419c-87c1-ba7af6d0d8f2" parentExecutionId="5858ccd0-506c-4bc7-bd52-00b2e10a7470" testId="b0806fa8-b6a7-0b91-2eaf-501afebefbd0" testName="GetPoolByEmpleadoTest" computerName="WXP_FGAMEZ" duration="00:00:00.0184983" startTime="2013-12-03T18:27:43.6868390-06:00" endTime="2013-12-03T18:27:43.7024282-06:00" testType="13cdc9d9-ddb5-4fa4-a97d-d965ccfc6d4b" outcome="Passed" testListId="8c84fa94-04c1-424b-9868-57a2d4851a1d" relativeResultsDirectory="5858ccd0-506c-4bc7-bd52-00b2e10a7470" dataRowInfo="1" resultType="DataDrivenDataRow" />
        <UnitTestResult executionId="0fe88005-11c4-439c-b35e-b7e585dc107e" parentExecutionId="5858ccd0-506c-4bc7-bd52-00b2e10a7470" testId="b0806fa8-b6a7-0b91-2eaf-501afebefbd0" testName="GetPoolByEmpleadoTest" computerName="WXP_FGAMEZ" duration="00:00:00.0213782" startTime="2013-12-03T18:27:43.7024282-06:00" endTime="2013-12-03T18:27:43.7180174-06:00" testType="13cdc9d9-ddb5-4fa4-a97d-d965ccfc6d4b" outcome="Passed" testListId="8c84fa94-04c1-424b-9868-57a2d4851a1d" relativeResultsDirectory="5858ccd0-506c-4bc7-bd52-00b2e10a7470" dataRowInfo="2" resultType="DataDrivenDataRow" />
      </InnerResults>
    </UnitTestResult>
    <UnitTestResult executionId="11f19de5-1aa3-4ce9-bfe8-9d73942ab975" testId="e062c1d9-c339-1cd0-0d22-cd14de58137e" testName="ApropiarTurnoTest" computerName="WXP_FGAMEZ" duration="00:00:04.6720193" startTime="2013-12-03T18:27:43.7336066-06:00" endTime="2013-12-03T18:27:48.4103666-06:00" testType="13cdc9d9-ddb5-4fa4-a97d-d965ccfc6d4b" outcome="Failed" testListId="8c84fa94-04c1-424b-9868-57a2d4851a1d" relativeResultsDirectory="11f19de5-1aa3-4ce9-bfe8-9d73942ab975" resultType="DataDrivenTest">
      <Counters error="0" failed="3" timeout="0" aborted="0" inconclusive="0" passedButRunAborted="0" notRunnable="0" notExecuted="0" disconnected="0" warning="0" passed="0" completed="0" inProgress="0" pending="0" />
      <InnerResults>
        <UnitTestResult executionId="808d161f-c2a8-4387-a756-d30194453a7d" parentExecutionId="11f19de5-1aa3-4ce9-bfe8-9d73942ab975" testId="e062c1d9-c339-1cd0-0d22-cd14de58137e" testName="ApropiarTurnoTest" computerName="WXP_FGAMEZ" duration="00:00:01.5804145" startTime="2013-12-03T18:27:43.7336066-06:00" endTime="2013-12-03T18:27:45.3081158-06:00" testType="13cdc9d9-ddb5-4fa4-a97d-d965ccfc6d4b" outcome="Failed" testListId="8c84fa94-04c1-424b-9868-57a2d4851a1d" relativeResultsDirectory="11f19de5-1aa3-4ce9-bfe8-9d73942ab975" dataRowInfo="0" resultType="DataDrivenDataRow">
          <Output>
            <ErrorInfo>
              <Message>Error de Assert.AreEqual. Se esperaba &lt;True&gt;, pero es &lt;False&gt;. Turno no apropiado no atendido</Message>
              <StackTrace>   en Baz.Caja.Turnador.Test.Dao.CjCTTurnosFlowAlternativeTest.ApropiarTurnoTest() en C:\gfb\workspaces\networkspace\CjCRTurnador\CjCRTurnadorTest\test\logic\CjCTTurnosFlowAlternativeTest.cs:línea 189
</StackTrace>
            </ErrorInfo>
          </Output>
        </UnitTestResult>
        <UnitTestResult executionId="199e41e4-1546-4604-b2d7-0c149c7bf740" parentExecutionId="11f19de5-1aa3-4ce9-bfe8-9d73942ab975" testId="e062c1d9-c339-1cd0-0d22-cd14de58137e" testName="ApropiarTurnoTest" computerName="WXP_FGAMEZ" duration="00:00:01.5425528" startTime="2013-12-03T18:27:45.3081158-06:00" endTime="2013-12-03T18:27:46.8670358-06:00" testType="13cdc9d9-ddb5-4fa4-a97d-d965ccfc6d4b" outcome="Failed" testListId="8c84fa94-04c1-424b-9868-57a2d4851a1d" relativeResultsDirectory="11f19de5-1aa3-4ce9-bfe8-9d73942ab975" dataRowInfo="1" resultType="DataDrivenDataRow">
          <Output>
            <ErrorInfo>
              <Message>Error de Assert.AreEqual. Se esperaba &lt;True&gt;, pero es &lt;False&gt;. Turno no apropiado no atendido</Message>
              <StackTrace>   en Baz.Caja.Turnador.Test.Dao.CjCTTurnosFlowAlternativeTest.ApropiarTurnoTest() en C:\gfb\workspaces\networkspace\CjCRTurnador\CjCRTurnadorTest\test\logic\CjCTTurnosFlowAlternativeTest.cs:línea 189
</StackTrace>
            </ErrorInfo>
          </Output>
        </UnitTestResult>
        <UnitTestResult executionId="34f2de83-068d-4a4e-9235-682b59f1e07a" parentExecutionId="11f19de5-1aa3-4ce9-bfe8-9d73942ab975" testId="e062c1d9-c339-1cd0-0d22-cd14de58137e" testName="ApropiarTurnoTest" computerName="WXP_FGAMEZ" duration="00:00:01.5474207" startTime="2013-12-03T18:27:46.8670358-06:00" endTime="2013-12-03T18:27:48.4103666-06:00" testType="13cdc9d9-ddb5-4fa4-a97d-d965ccfc6d4b" outcome="Failed" testListId="8c84fa94-04c1-424b-9868-57a2d4851a1d" relativeResultsDirectory="11f19de5-1aa3-4ce9-bfe8-9d73942ab975" dataRowInfo="2" resultType="DataDrivenDataRow">
          <Output>
            <ErrorInfo>
              <Message>Error de Assert.AreEqual. Se esperaba &lt;True&gt;, pero es &lt;False&gt;. Turno no apropiado no atendido</Message>
              <StackTrace>   en Baz.Caja.Turnador.Test.Dao.CjCTTurnosFlowAlternativeTest.ApropiarTurnoTest() en C:\gfb\workspaces\networkspace\CjCRTurnador\CjCRTurnadorTest\test\logic\CjCTTurnosFlowAlternativeTest.cs:línea 189
</StackTrace>
            </ErrorInfo>
          </Output>
        </UnitTestResult>
      </InnerResults>
    </UnitTestResult>
    <UnitTestResult executionId="62cca593-3af1-43a5-91ce-d7c1de4a6d3e" testId="e922963d-cab3-cc10-54f9-f26345bc90f5" testName="GetUnidadesNegocioTest" computerName="WXP_FGAMEZ" duration="00:00:00.0077038" startTime="2013-12-03T18:27:48.4259558-06:00" endTime="2013-12-03T18:27:48.4727234-06:00" testType="13cdc9d9-ddb5-4fa4-a97d-d965ccfc6d4b" outcome="Passed" testListId="8c84fa94-04c1-424b-9868-57a2d4851a1d" relativeResultsDirectory="62cca593-3af1-43a5-91ce-d7c1de4a6d3e">
    </UnitTestResult>
    <UnitTestResult executionId="20ab2158-9e50-4c9a-83ee-cef9b722e2ca" testId="efd65196-5e68-8890-9fe9-3307e97f2e4d" testName="EstadosAtencionTest" computerName="WXP_FGAMEZ" duration="00:00:00.0007230" startTime="2013-12-03T18:27:48.4883126-06:00" endTime="2013-12-03T18:27:48.4883126-06:00" testType="13cdc9d9-ddb5-4fa4-a97d-d965ccfc6d4b" outcome="Passed" testListId="8c84fa94-04c1-424b-9868-57a2d4851a1d" relativeResultsDirectory="20ab2158-9e50-4c9a-83ee-cef9b722e2ca">
    </UnitTestResult>
  </Results>
</TestRun>