<?xml version="1.0" encoding="UTF-8"?>
<TestRun id="8c6c0adc-bf17-4a4b-a456-3647b0e86265" name="B939741@WXP_FGAMEZ 2013-12-18 16:54:09" runUser="BANCOAZTECA\B939741" xmlns="http://microsoft.com/schemas/VisualStudio/TeamTest/2010">
  <TestSettings name="Local" id="de653c0a-5f0b-4dcc-aa03-7cc115229a2f">
    <Description>Esta es la configuración de pruebas predeterminada para una ejecución de pruebas local.</Description>
    <Deployment enabled="false" runDeploymentRoot="B939741_WXP_FGAMEZ 2013-12-18 16_54_09">
      <DeploymentItem filename="C:\gfb\distribuciones\Spring.NET\bin\net\3.5\release\Spring.Data.dll" />
      <DeploymentItem filename="C:\gfb\workspaces\networkspace\CjCRBAZCommons\CjCRBAZCommons\bin\Debug\Baz.Caja.Commons.dll" />
      <DeploymentItem filename="C:\gfb\distribuciones\Spring.NET\bin\net\3.5\release\Spring.Aop.dll" />
      <DeploymentItem filename="C:\gfb\distribuciones\Spring.NET\bin\net\3.5\release\Spring.Core.dll" />
      <DeploymentItem filename="C:\gfb\distribuciones\Spring.NET\bin\net\3.5\release\Common.Logging.dll" />
      <DeploymentItem filename="C:\gfb\workspaces\networkspace\CjCRTurnador\CjCRTurnador\bin\Baz.Caja.Turnador.dll" />
    </Deployment>
    <Execution>
      <TestTypeSpecific />
      <AgentRule name="Execution Agents">
      </AgentRule>
    </Execution>
  </TestSettings>
  <Times creation="2013-12-18T16:54:09.4855208-06:00" queuing="2013-12-18T16:54:29.9347610-06:00" start="2013-12-18T16:54:30.1843322-06:00" finish="2013-12-18T16:56:55.7810192-06:00" />
  <ResultSummary outcome="Error">
    <Counters total="15" executed="4" passed="3" error="0" failed="0" timeout="0" aborted="1" inconclusive="0" passedButRunAborted="0" notRunnable="0" notExecuted="11" disconnected="0" warning="0" completed="0" inProgress="0" pending="0" />
    <Output>
      <DebugTrace>no configuration section &lt;common/logging&gt; found - suppressing logging output
</DebugTrace>
    </Output>
    <RunInfos>
      <RunInfo computerName="WXP_FGAMEZ" outcome="Error" timestamp="2013-12-18T16:56:55.7655561-06:00">
        <Text>El proceso del host de pruebas terminó inesperadamente.</Text>
      </RunInfo>
    </RunInfos>
  </ResultSummary>
  <TestDefinitions>
    <UnitTest name="GetPoolByUnidadTest" storage="c:\gfb\workspaces\networkspace\cjcrturnador\cjcrturnadortest\bin\debug\baz.caja.turnador.test.dll" id="81885110-5caf-ba2d-5426-09a7cde5d78f">
      <Execution id="771baef3-44c4-4586-b3d7-54377300a037" />
      <TestMethod codeBase="C:/gfb/workspaces/networkspace/CjCRTurnador/CjCRTurnadorTest/bin/Debug/Baz.Caja.Turnador.Test.DLL" adapterTypeName="Microsoft.VisualStudio.TestTools.TestTypes.Unit.UnitTestAdapter, Microsoft.VisualStudio.QualityTools.Tips.UnitTest.Adapter, Version=10.0.0.0, Culture=neutral, PublicKeyToken=b03f5f7f11d50a3a" className="Baz.Caja.Turnador.Test.Dao.CjCTPoolFlowTest, Baz.Caja.Turnador.Test, Version=1.0.0.0, Culture=neutral, PublicKeyToken=null" name="GetPoolByUnidadTest" />
      <DataSource connectionString="|DataDirectory|\resource\datasource\TurnoTest.xml" providerInvariantName="Microsoft.VisualStudio.TestTools.DataSource.XML" tableName="entrada" />
    </UnitTest>
    <UnitTest name="CancelarTurnoTest" storage="c:\gfb\workspaces\networkspace\cjcrturnador\cjcrturnadortest\bin\debug\baz.caja.turnador.test.dll" id="81534639-43c2-b394-d70a-29c369fa3259">
      <Execution id="60b2ba56-d454-4b3c-be6c-e33c27ca6dcb" />
      <TestMethod codeBase="C:/gfb/workspaces/networkspace/CjCRTurnador/CjCRTurnadorTest/bin/Debug/Baz.Caja.Turnador.Test.DLL" adapterTypeName="Microsoft.VisualStudio.TestTools.TestTypes.Unit.UnitTestAdapter, Microsoft.VisualStudio.QualityTools.Tips.UnitTest.Adapter, Version=10.0.0.0, Culture=neutral, PublicKeyToken=b03f5f7f11d50a3a" className="Baz.Caja.Turnador.Test.Dao.CjCTTurnosFlowAlternativeTest, Baz.Caja.Turnador.Test, Version=1.0.0.0, Culture=neutral, PublicKeyToken=null" name="CancelarTurnoTest" />
      <DataSource connectionString="|DataDirectory|\resource\datasource\TurnoTest.xml" providerInvariantName="Microsoft.VisualStudio.TestTools.DataSource.XML" tableName="entrada" />
    </UnitTest>
    <UnitTest name="GetPoolByEmpleadoTest" storage="c:\gfb\workspaces\networkspace\cjcrturnador\cjcrturnadortest\bin\debug\baz.caja.turnador.test.dll" id="b0806fa8-b6a7-0b91-2eaf-501afebefbd0">
      <Execution id="28b2b227-0448-4447-b673-e997f0586c98" />
      <TestMethod codeBase="C:/gfb/workspaces/networkspace/CjCRTurnador/CjCRTurnadorTest/bin/Debug/Baz.Caja.Turnador.Test.DLL" adapterTypeName="Microsoft.VisualStudio.TestTools.TestTypes.Unit.UnitTestAdapter, Microsoft.VisualStudio.QualityTools.Tips.UnitTest.Adapter, Version=10.0.0.0, Culture=neutral, PublicKeyToken=b03f5f7f11d50a3a" className="Baz.Caja.Turnador.Test.Dao.CjCTPoolFlowTest, Baz.Caja.Turnador.Test, Version=1.0.0.0, Culture=neutral, PublicKeyToken=null" name="GetPoolByEmpleadoTest" />
      <DataSource connectionString="|DataDirectory|\resource\datasource\TurnoTest.xml" providerInvariantName="Microsoft.VisualStudio.TestTools.DataSource.XML" tableName="entrada" />
    </UnitTest>
    <UnitTest name="AtenderVirtualTest" storage="c:\gfb\workspaces\networkspace\cjcrturnador\cjcrturnadortest\bin\debug\baz.caja.turnador.test.dll" id="7184f34c-99d0-b6e9-7b20-e35849e84b78">
      <Execution id="48e2471f-b20c-4af1-9a71-5984016dd3b4" />
      <TestMethod codeBase="C:/gfb/workspaces/networkspace/CjCRTurnador/CjCRTurnadorTest/bin/Debug/Baz.Caja.Turnador.Test.DLL" adapterTypeName="Microsoft.VisualStudio.TestTools.TestTypes.Unit.UnitTestAdapter, Microsoft.VisualStudio.QualityTools.Tips.UnitTest.Adapter, Version=10.0.0.0, Culture=neutral, PublicKeyToken=b03f5f7f11d50a3a" className="Baz.Caja.Turnador.Test.Dao.CjCTTurnosFlowAlternativeTest, Baz.Caja.Turnador.Test, Version=1.0.0.0, Culture=neutral, PublicKeyToken=null" name="AtenderVirtualTest" />
      <DataSource connectionString="|DataDirectory|\resource\datasource\TurnoTest.xml" providerInvariantName="Microsoft.VisualStudio.TestTools.DataSource.XML" tableName="entrada" />
    </UnitTest>
    <UnitTest name="AtencionTurnoTest" storage="c:\gfb\workspaces\networkspace\cjcrturnador\cjcrturnadortest\bin\debug\baz.caja.turnador.test.dll" id="0f891f1d-cc71-73e9-d31f-0323be873eb1">
      <Execution id="887540f0-9db3-4d46-84aa-f5f95c06fc59" />
      <TestMethod codeBase="C:/gfb/workspaces/networkspace/CjCRTurnador/CjCRTurnadorTest/bin/Debug/Baz.Caja.Turnador.Test.DLL" adapterTypeName="Microsoft.VisualStudio.TestTools.TestTypes.Unit.UnitTestAdapter, Microsoft.VisualStudio.QualityTools.Tips.UnitTest.Adapter, Version=10.0.0.0, Culture=neutral, PublicKeyToken=b03f5f7f11d50a3a" className="Baz.Caja.Turnador.Test.Dao.CjCTTurnosFlowBasicTest, Baz.Caja.Turnador.Test, Version=1.0.0.0, Culture=neutral, PublicKeyToken=null" name="AtencionTurnoTest" />
      <DataSource connectionString="|DataDirectory|\resource\datasource\TurnoTest.xml" providerInvariantName="Microsoft.VisualStudio.TestTools.DataSource.XML" tableName="entrada" />
    </UnitTest>
    <UnitTest name="GetUnidadesNegocioTest" storage="c:\gfb\workspaces\networkspace\cjcrturnador\cjcrturnadortest\bin\debug\baz.caja.turnador.test.dll" id="e922963d-cab3-cc10-54f9-f26345bc90f5">
      <Execution id="50ae7e50-0637-411c-8ce8-534f36a88ea5" />
      <TestMethod codeBase="C:/gfb/workspaces/networkspace/CjCRTurnador/CjCRTurnadorTest/bin/Debug/Baz.Caja.Turnador.Test.DLL" adapterTypeName="Microsoft.VisualStudio.TestTools.TestTypes.Unit.UnitTestAdapter, Microsoft.VisualStudio.QualityTools.Tips.UnitTest.Adapter, Version=10.0.0.0, Culture=neutral, PublicKeyToken=b03f5f7f11d50a3a" className="Baz.Caja.Turnador.Test.Dao.CjCTNegocioFlowTest, Baz.Caja.Turnador.Test, Version=1.0.0.0, Culture=neutral, PublicKeyToken=null" name="GetUnidadesNegocioTest" />
    </UnitTest>
    <UnitTest name="GetTurnosEstadoTest" storage="c:\gfb\workspaces\networkspace\cjcrturnador\cjcrturnadortest\bin\debug\baz.caja.turnador.test.dll" id="240e14ec-c5e8-54e9-7d6b-03bf27d9fd9b">
      <Execution id="0e267c38-82e2-412d-9675-edf86f9718d9" />
      <TestMethod codeBase="C:/gfb/workspaces/networkspace/CjCRTurnador/CjCRTurnadorTest/bin/Debug/Baz.Caja.Turnador.Test.DLL" adapterTypeName="Microsoft.VisualStudio.TestTools.TestTypes.Unit.UnitTestAdapter, Microsoft.VisualStudio.QualityTools.Tips.UnitTest.Adapter, Version=10.0.0.0, Culture=neutral, PublicKeyToken=b03f5f7f11d50a3a" className="Baz.Caja.Turnador.Test.Dao.CjCTTurnosFlowBasicTest, Baz.Caja.Turnador.Test, Version=1.0.0.0, Culture=neutral, PublicKeyToken=null" name="GetTurnosEstadoTest" />
      <DataSource connectionString="|DataDirectory|\resource\datasource\TurnoTest.xml" providerInvariantName="Microsoft.VisualStudio.TestTools.DataSource.XML" tableName="entrada" />
    </UnitTest>
    <UnitTest name="GetTurnosAsignadosTest" storage="c:\gfb\workspaces\networkspace\cjcrturnador\cjcrturnadortest\bin\debug\baz.caja.turnador.test.dll" id="169bcf0f-6d98-97b6-956b-7db1e923fb22">
      <Execution id="1c6a6185-ab6b-4970-b303-cd8b40e80225" />
      <TestMethod codeBase="C:/gfb/workspaces/networkspace/CjCRTurnador/CjCRTurnadorTest/bin/Debug/Baz.Caja.Turnador.Test.DLL" adapterTypeName="Microsoft.VisualStudio.TestTools.TestTypes.Unit.UnitTestAdapter, Microsoft.VisualStudio.QualityTools.Tips.UnitTest.Adapter, Version=10.0.0.0, Culture=neutral, PublicKeyToken=b03f5f7f11d50a3a" className="Baz.Caja.Turnador.Test.Dao.CjCTTurnosFlowBasicTest, Baz.Caja.Turnador.Test, Version=1.0.0.0, Culture=neutral, PublicKeyToken=null" name="GetTurnosAsignadosTest" />
      <DataSource connectionString="|DataDirectory|\resource\datasource\TurnoTest.xml" providerInvariantName="Microsoft.VisualStudio.TestTools.DataSource.XML" tableName="entrada" />
    </UnitTest>
    <UnitTest name="SetEstadoAtencionTest" storage="c:\gfb\workspaces\networkspace\cjcrturnador\cjcrturnadortest\bin\debug\baz.caja.turnador.test.dll" id="5c4a225e-2177-2cf6-d984-09e99a1f0ffe">
      <Execution id="b2f34733-0655-47bf-82e6-a128738286c1" />
      <TestMethod codeBase="C:/gfb/workspaces/networkspace/CjCRTurnador/CjCRTurnadorTest/bin/Debug/Baz.Caja.Turnador.Test.DLL" adapterTypeName="Microsoft.VisualStudio.TestTools.TestTypes.Unit.UnitTestAdapter, Microsoft.VisualStudio.QualityTools.Tips.UnitTest.Adapter, Version=10.0.0.0, Culture=neutral, PublicKeyToken=b03f5f7f11d50a3a" className="Baz.Caja.Turnador.Test.Dao.CjCTPoolFlowTest, Baz.Caja.Turnador.Test, Version=1.0.0.0, Culture=neutral, PublicKeyToken=null" name="SetEstadoAtencionTest" />
      <DataSource connectionString="|DataDirectory|\resource\datasource\EmpleadoPoolTest.xml" providerInvariantName="Microsoft.VisualStudio.TestTools.DataSource.XML" tableName="entrada" />
    </UnitTest>
    <UnitTest name="EstadosTurnoTest" storage="c:\gfb\workspaces\networkspace\cjcrturnador\cjcrturnadortest\bin\debug\baz.caja.turnador.test.dll" id="956c3ffe-c6e4-7e66-7e50-68d4b6ef511d">
      <Execution id="0044347e-6737-4296-957e-c0dd94508a33" />
      <TestMethod codeBase="C:/gfb/workspaces/networkspace/CjCRTurnador/CjCRTurnadorTest/bin/Debug/Baz.Caja.Turnador.Test.DLL" adapterTypeName="Microsoft.VisualStudio.TestTools.TestTypes.Unit.UnitTestAdapter, Microsoft.VisualStudio.QualityTools.Tips.UnitTest.Adapter, Version=10.0.0.0, Culture=neutral, PublicKeyToken=b03f5f7f11d50a3a" className="Baz.Caja.Turnador.Test.Support.CjCTAppConfigTest, Baz.Caja.Turnador.Test, Version=1.0.0.0, Culture=neutral, PublicKeyToken=null" name="EstadosTurnoTest" />
    </UnitTest>
    <UnitTest name="GetPoolAtencionTest" storage="c:\gfb\workspaces\networkspace\cjcrturnador\cjcrturnadortest\bin\debug\baz.caja.turnador.test.dll" id="3826561d-a665-30f8-05d1-4db104734951">
      <Execution id="5af52500-1c76-4a5c-8b3d-54cfd2b4d5b8" />
      <TestMethod codeBase="C:/gfb/workspaces/networkspace/CjCRTurnador/CjCRTurnadorTest/bin/Debug/Baz.Caja.Turnador.Test.DLL" adapterTypeName="Microsoft.VisualStudio.TestTools.TestTypes.Unit.UnitTestAdapter, Microsoft.VisualStudio.QualityTools.Tips.UnitTest.Adapter, Version=10.0.0.0, Culture=neutral, PublicKeyToken=b03f5f7f11d50a3a" className="Baz.Caja.Turnador.Test.Dao.CjCTPoolFlowTest, Baz.Caja.Turnador.Test, Version=1.0.0.0, Culture=neutral, PublicKeyToken=null" name="GetPoolAtencionTest" />
      <DataSource connectionString="|DataDirectory|\resource\datasource\TurnoTest.xml" providerInvariantName="Microsoft.VisualStudio.TestTools.DataSource.XML" tableName="entrada" />
    </UnitTest>
    <UnitTest name="GenerarTurnoTest" storage="c:\gfb\workspaces\networkspace\cjcrturnador\cjcrturnadortest\bin\debug\baz.caja.turnador.test.dll" id="0c6bd91c-6818-d256-addf-da9900ca297f">
      <Execution id="0d7dfbf5-32e0-42fb-ba6f-b9654587860a" />
      <TestMethod codeBase="C:/gfb/workspaces/networkspace/CjCRTurnador/CjCRTurnadorTest/bin/Debug/Baz.Caja.Turnador.Test.DLL" adapterTypeName="Microsoft.VisualStudio.TestTools.TestTypes.Unit.UnitTestAdapter, Microsoft.VisualStudio.QualityTools.Tips.UnitTest.Adapter, Version=10.0.0.0, Culture=neutral, PublicKeyToken=b03f5f7f11d50a3a" className="Baz.Caja.Turnador.Test.Dao.CjCTTurnosFlowBasicTest, Baz.Caja.Turnador.Test, Version=1.0.0.0, Culture=neutral, PublicKeyToken=null" name="GenerarTurnoTest" />
      <DataSource connectionString="|DataDirectory|\resource\datasource\TurnoTest.xml" providerInvariantName="Microsoft.VisualStudio.TestTools.DataSource.XML" tableName="entrada" />
    </UnitTest>
    <UnitTest name="CaducarTurnoTest" storage="c:\gfb\workspaces\networkspace\cjcrturnador\cjcrturnadortest\bin\debug\baz.caja.turnador.test.dll" id="7c90f9c5-18f9-349c-4484-c9fa726f092c">
      <Execution id="a9c85890-f385-4cb8-b8c7-67ad7c01d757" />
      <TestMethod codeBase="C:/gfb/workspaces/networkspace/CjCRTurnador/CjCRTurnadorTest/bin/Debug/Baz.Caja.Turnador.Test.DLL" adapterTypeName="Microsoft.VisualStudio.TestTools.TestTypes.Unit.UnitTestAdapter, Microsoft.VisualStudio.QualityTools.Tips.UnitTest.Adapter, Version=10.0.0.0, Culture=neutral, PublicKeyToken=b03f5f7f11d50a3a" className="Baz.Caja.Turnador.Test.Dao.CjCTTurnosFlowAlternativeTest, Baz.Caja.Turnador.Test, Version=1.0.0.0, Culture=neutral, PublicKeyToken=null" name="CaducarTurnoTest" />
      <DataSource connectionString="|DataDirectory|\resource\datasource\TurnoTest.xml" providerInvariantName="Microsoft.VisualStudio.TestTools.DataSource.XML" tableName="entrada" />
    </UnitTest>
    <UnitTest name="EstadosAtencionTest" storage="c:\gfb\workspaces\networkspace\cjcrturnador\cjcrturnadortest\bin\debug\baz.caja.turnador.test.dll" id="efd65196-5e68-8890-9fe9-3307e97f2e4d">
      <Execution id="5e5656c0-9f46-4284-83ba-158fe30e2d7a" />
      <TestMethod codeBase="C:/gfb/workspaces/networkspace/CjCRTurnador/CjCRTurnadorTest/bin/Debug/Baz.Caja.Turnador.Test.DLL" adapterTypeName="Microsoft.VisualStudio.TestTools.TestTypes.Unit.UnitTestAdapter, Microsoft.VisualStudio.QualityTools.Tips.UnitTest.Adapter, Version=10.0.0.0, Culture=neutral, PublicKeyToken=b03f5f7f11d50a3a" className="Baz.Caja.Turnador.Test.Support.CjCTAppConfigTest, Baz.Caja.Turnador.Test, Version=1.0.0.0, Culture=neutral, PublicKeyToken=null" name="EstadosAtencionTest" />
    </UnitTest>
    <UnitTest name="ApropiarTurnoTest" storage="c:\gfb\workspaces\networkspace\cjcrturnador\cjcrturnadortest\bin\debug\baz.caja.turnador.test.dll" id="e062c1d9-c339-1cd0-0d22-cd14de58137e">
      <Execution id="e536cf73-1128-443b-a50a-7ce7ea5f66a4" />
      <TestMethod codeBase="C:/gfb/workspaces/networkspace/CjCRTurnador/CjCRTurnadorTest/bin/Debug/Baz.Caja.Turnador.Test.DLL" adapterTypeName="Microsoft.VisualStudio.TestTools.TestTypes.Unit.UnitTestAdapter, Microsoft.VisualStudio.QualityTools.Tips.UnitTest.Adapter, Version=10.0.0.0, Culture=neutral, PublicKeyToken=b03f5f7f11d50a3a" className="Baz.Caja.Turnador.Test.Dao.CjCTTurnosFlowAlternativeTest, Baz.Caja.Turnador.Test, Version=1.0.0.0, Culture=neutral, PublicKeyToken=null" name="ApropiarTurnoTest" />
      <DataSource connectionString="|DataDirectory|\resource\datasource\TurnoApropiadoTest.xml" providerInvariantName="Microsoft.VisualStudio.TestTools.DataSource.XML" tableName="entrada" />
    </UnitTest>
  </TestDefinitions>
  <TestLists>
    <TestList name="Resultados que no están en la lista" id="8c84fa94-04c1-424b-9868-57a2d4851a1d" />
    <TestList name="Todos los resultados cargados" id="19431567-8539-422a-85d7-44ee4e166bda" />
  </TestLists>
  <TestEntries>
    <TestEntry testId="e922963d-cab3-cc10-54f9-f26345bc90f5" executionId="50ae7e50-0637-411c-8ce8-534f36a88ea5" testListId="8c84fa94-04c1-424b-9868-57a2d4851a1d" />
    <TestEntry testId="956c3ffe-c6e4-7e66-7e50-68d4b6ef511d" executionId="0044347e-6737-4296-957e-c0dd94508a33" testListId="8c84fa94-04c1-424b-9868-57a2d4851a1d" />
    <TestEntry testId="efd65196-5e68-8890-9fe9-3307e97f2e4d" executionId="5e5656c0-9f46-4284-83ba-158fe30e2d7a" testListId="8c84fa94-04c1-424b-9868-57a2d4851a1d" />
    <TestEntry testId="0f891f1d-cc71-73e9-d31f-0323be873eb1" executionId="887540f0-9db3-4d46-84aa-f5f95c06fc59" testListId="8c84fa94-04c1-424b-9868-57a2d4851a1d" />
    <TestEntry testId="0c6bd91c-6818-d256-addf-da9900ca297f" executionId="0d7dfbf5-32e0-42fb-ba6f-b9654587860a" testListId="8c84fa94-04c1-424b-9868-57a2d4851a1d" />
    <TestEntry testId="169bcf0f-6d98-97b6-956b-7db1e923fb22" executionId="1c6a6185-ab6b-4970-b303-cd8b40e80225" testListId="8c84fa94-04c1-424b-9868-57a2d4851a1d" />
    <TestEntry testId="240e14ec-c5e8-54e9-7d6b-03bf27d9fd9b" executionId="0e267c38-82e2-412d-9675-edf86f9718d9" testListId="8c84fa94-04c1-424b-9868-57a2d4851a1d" />
    <TestEntry testId="7184f34c-99d0-b6e9-7b20-e35849e84b78" executionId="48e2471f-b20c-4af1-9a71-5984016dd3b4" testListId="8c84fa94-04c1-424b-9868-57a2d4851a1d" />
    <TestEntry testId="7c90f9c5-18f9-349c-4484-c9fa726f092c" executionId="a9c85890-f385-4cb8-b8c7-67ad7c01d757" testListId="8c84fa94-04c1-424b-9868-57a2d4851a1d" />
    <TestEntry testId="81534639-43c2-b394-d70a-29c369fa3259" executionId="60b2ba56-d454-4b3c-be6c-e33c27ca6dcb" testListId="8c84fa94-04c1-424b-9868-57a2d4851a1d" />
    <TestEntry testId="e062c1d9-c339-1cd0-0d22-cd14de58137e" executionId="e536cf73-1128-443b-a50a-7ce7ea5f66a4" testListId="8c84fa94-04c1-424b-9868-57a2d4851a1d" />
    <TestEntry testId="5c4a225e-2177-2cf6-d984-09e99a1f0ffe" executionId="b2f34733-0655-47bf-82e6-a128738286c1" testListId="8c84fa94-04c1-424b-9868-57a2d4851a1d" />
    <TestEntry testId="3826561d-a665-30f8-05d1-4db104734951" executionId="5af52500-1c76-4a5c-8b3d-54cfd2b4d5b8" testListId="8c84fa94-04c1-424b-9868-57a2d4851a1d" />
    <TestEntry testId="b0806fa8-b6a7-0b91-2eaf-501afebefbd0" executionId="28b2b227-0448-4447-b673-e997f0586c98" testListId="8c84fa94-04c1-424b-9868-57a2d4851a1d" />
    <TestEntry testId="81885110-5caf-ba2d-5426-09a7cde5d78f" executionId="771baef3-44c4-4586-b3d7-54377300a037" testListId="8c84fa94-04c1-424b-9868-57a2d4851a1d" />
  </TestEntries>
  <Results>
    <UnitTestResult executionId="50ae7e50-0637-411c-8ce8-534f36a88ea5" testId="e922963d-cab3-cc10-54f9-f26345bc90f5" testName="GetUnidadesNegocioTest" computerName="WXP_FGAMEZ" duration="00:00:00.6631166" startTime="2013-12-18T16:54:30.3715106-06:00" endTime="2013-12-18T16:54:37.0631384-06:00" testType="13cdc9d9-ddb5-4fa4-a97d-d965ccfc6d4b" outcome="Passed" testListId="8c84fa94-04c1-424b-9868-57a2d4851a1d" relativeResultsDirectory="50ae7e50-0637-411c-8ce8-534f36a88ea5">
    </UnitTestResult>
    <UnitTestResult executionId="0044347e-6737-4296-957e-c0dd94508a33" testId="956c3ffe-c6e4-7e66-7e50-68d4b6ef511d" testName="EstadosTurnoTest" computerName="WXP_FGAMEZ" duration="00:00:00.0015804" startTime="2013-12-18T16:54:37.0787366-06:00" endTime="2013-12-18T16:54:39.7148324-06:00" testType="13cdc9d9-ddb5-4fa4-a97d-d965ccfc6d4b" outcome="Passed" testListId="8c84fa94-04c1-424b-9868-57a2d4851a1d" relativeResultsDirectory="0044347e-6737-4296-957e-c0dd94508a33">
    </UnitTestResult>
    <UnitTestResult executionId="5e5656c0-9f46-4284-83ba-158fe30e2d7a" testId="efd65196-5e68-8890-9fe9-3307e97f2e4d" testName="EstadosAtencionTest" computerName="WXP_FGAMEZ" duration="00:00:00.0007827" startTime="2013-12-18T16:54:39.7148324-06:00" endTime="2013-12-18T16:54:39.7304306-06:00" testType="13cdc9d9-ddb5-4fa4-a97d-d965ccfc6d4b" outcome="Passed" testListId="8c84fa94-04c1-424b-9868-57a2d4851a1d" relativeResultsDirectory="5e5656c0-9f46-4284-83ba-158fe30e2d7a">
    </UnitTestResult>
    <UnitTestResult executionId="887540f0-9db3-4d46-84aa-f5f95c06fc59" testId="0f891f1d-cc71-73e9-d31f-0323be873eb1" testName="AtencionTurnoTest" computerName="WXP_FGAMEZ" duration="00:02:16.0351255" startTime="2013-12-18T16:54:39.7304306-06:00" endTime="2013-12-18T16:56:55.7655561-06:00" testType="13cdc9d9-ddb5-4fa4-a97d-d965ccfc6d4b" outcome="Aborted" testListId="8c84fa94-04c1-424b-9868-57a2d4851a1d" relativeResultsDirectory="887540f0-9db3-4d46-84aa-f5f95c06fc59">
    </UnitTestResult>
    <UnitTestResult executionId="0d7dfbf5-32e0-42fb-ba6f-b9654587860a" testId="0c6bd91c-6818-d256-addf-da9900ca297f" testName="GenerarTurnoTest" computerName="WXP_FGAMEZ" testType="13cdc9d9-ddb5-4fa4-a97d-d965ccfc6d4b" outcome="NotExecuted" testListId="8c84fa94-04c1-424b-9868-57a2d4851a1d" relativeResultsDirectory="0d7dfbf5-32e0-42fb-ba6f-b9654587860a">
    </UnitTestResult>
    <UnitTestResult executionId="1c6a6185-ab6b-4970-b303-cd8b40e80225" testId="169bcf0f-6d98-97b6-956b-7db1e923fb22" testName="GetTurnosAsignadosTest" computerName="WXP_FGAMEZ" testType="13cdc9d9-ddb5-4fa4-a97d-d965ccfc6d4b" outcome="NotExecuted" testListId="8c84fa94-04c1-424b-9868-57a2d4851a1d" relativeResultsDirectory="1c6a6185-ab6b-4970-b303-cd8b40e80225">
    </UnitTestResult>
    <UnitTestResult executionId="0e267c38-82e2-412d-9675-edf86f9718d9" testId="240e14ec-c5e8-54e9-7d6b-03bf27d9fd9b" testName="GetTurnosEstadoTest" computerName="WXP_FGAMEZ" testType="13cdc9d9-ddb5-4fa4-a97d-d965ccfc6d4b" outcome="NotExecuted" testListId="8c84fa94-04c1-424b-9868-57a2d4851a1d" relativeResultsDirectory="0e267c38-82e2-412d-9675-edf86f9718d9">
    </UnitTestResult>
    <UnitTestResult executionId="48e2471f-b20c-4af1-9a71-5984016dd3b4" testId="7184f34c-99d0-b6e9-7b20-e35849e84b78" testName="AtenderVirtualTest" computerName="WXP_FGAMEZ" testType="13cdc9d9-ddb5-4fa4-a97d-d965ccfc6d4b" outcome="NotExecuted" testListId="8c84fa94-04c1-424b-9868-57a2d4851a1d" relativeResultsDirectory="48e2471f-b20c-4af1-9a71-5984016dd3b4">
    </UnitTestResult>
    <UnitTestResult executionId="a9c85890-f385-4cb8-b8c7-67ad7c01d757" testId="7c90f9c5-18f9-349c-4484-c9fa726f092c" testName="CaducarTurnoTest" computerName="WXP_FGAMEZ" testType="13cdc9d9-ddb5-4fa4-a97d-d965ccfc6d4b" outcome="NotExecuted" testListId="8c84fa94-04c1-424b-9868-57a2d4851a1d" relativeResultsDirectory="a9c85890-f385-4cb8-b8c7-67ad7c01d757">
    </UnitTestResult>
    <UnitTestResult executionId="60b2ba56-d454-4b3c-be6c-e33c27ca6dcb" testId="81534639-43c2-b394-d70a-29c369fa3259" testName="CancelarTurnoTest" computerName="WXP_FGAMEZ" testType="13cdc9d9-ddb5-4fa4-a97d-d965ccfc6d4b" outcome="NotExecuted" testListId="8c84fa94-04c1-424b-9868-57a2d4851a1d" relativeResultsDirectory="60b2ba56-d454-4b3c-be6c-e33c27ca6dcb">
    </UnitTestResult>
    <UnitTestResult executionId="e536cf73-1128-443b-a50a-7ce7ea5f66a4" testId="e062c1d9-c339-1cd0-0d22-cd14de58137e" testName="ApropiarTurnoTest" computerName="WXP_FGAMEZ" testType="13cdc9d9-ddb5-4fa4-a97d-d965ccfc6d4b" outcome="NotExecuted" testListId="8c84fa94-04c1-424b-9868-57a2d4851a1d" relativeResultsDirectory="e536cf73-1128-443b-a50a-7ce7ea5f66a4">
    </UnitTestResult>
    <UnitTestResult executionId="b2f34733-0655-47bf-82e6-a128738286c1" testId="5c4a225e-2177-2cf6-d984-09e99a1f0ffe" testName="SetEstadoAtencionTest" computerName="WXP_FGAMEZ" testType="13cdc9d9-ddb5-4fa4-a97d-d965ccfc6d4b" outcome="NotExecuted" testListId="8c84fa94-04c1-424b-9868-57a2d4851a1d" relativeResultsDirectory="b2f34733-0655-47bf-82e6-a128738286c1">
    </UnitTestResult>
    <UnitTestResult executionId="5af52500-1c76-4a5c-8b3d-54cfd2b4d5b8" testId="3826561d-a665-30f8-05d1-4db104734951" testName="GetPoolAtencionTest" computerName="WXP_FGAMEZ" testType="13cdc9d9-ddb5-4fa4-a97d-d965ccfc6d4b" outcome="NotExecuted" testListId="8c84fa94-04c1-424b-9868-57a2d4851a1d" relativeResultsDirectory="5af52500-1c76-4a5c-8b3d-54cfd2b4d5b8">
    </UnitTestResult>
    <UnitTestResult executionId="28b2b227-0448-4447-b673-e997f0586c98" testId="b0806fa8-b6a7-0b91-2eaf-501afebefbd0" testName="GetPoolByEmpleadoTest" computerName="WXP_FGAMEZ" testType="13cdc9d9-ddb5-4fa4-a97d-d965ccfc6d4b" outcome="NotExecuted" testListId="8c84fa94-04c1-424b-9868-57a2d4851a1d" relativeResultsDirectory="28b2b227-0448-4447-b673-e997f0586c98">
    </UnitTestResult>
    <UnitTestResult executionId="771baef3-44c4-4586-b3d7-54377300a037" testId="81885110-5caf-ba2d-5426-09a7cde5d78f" testName="GetPoolByUnidadTest" computerName="WXP_FGAMEZ" testType="13cdc9d9-ddb5-4fa4-a97d-d965ccfc6d4b" outcome="NotExecuted" testListId="8c84fa94-04c1-424b-9868-57a2d4851a1d" relativeResultsDirectory="771baef3-44c4-4586-b3d7-54377300a037">
    </UnitTestResult>
  </Results>
</TestRun>